00:03F0  67 0C  BEQ     #$0C [00:03FE]
00:03F2  30 39  MOVE.W  ($00C00004),D0
00:03F8  02 40  ANDI.W  #$0008,D0
00:03FC  66 EC  BNE     #$EC [00:03EA]
00:03FE  4E 75  RTS
00:4BF6  60 C4  BRA     #$C4 [00:4BBC]
00:4BBC  11 FC  MOVE.B  #$80,($8A48)
00:4BC2  4B F8  LEA     ($8048),A5
00:4BC6  10 15  MOVE.B  (A5),D0
00:4BC8  02 00  ANDI.B  #$80,D0
00:4BCC  67 0E  BEQ     #$0E [00:4BDC]
00:4BCE  31 CD  MOVE.W  A5,($8A4C)
00:4BD2  20 6D  MOVE.L  $000C(A5),A0
00:4BD6  4E 90  JSR     (A0)
00:50A2  4A 38  TST.B   ($80C8)
00:50A6  6B 22  BMI     #$22 [00:50CA]
00:50CA  4E 75  RTS
00:4BD8  3A 78  MOVE.W  ($8A4C),A5
00:4BDC  4B ED  LEA     $0080(A5),A5
00:4BE0  52 38  ADDQ.B  #1,($8A48)
00:4BE4  0C 38  CMPI.B  #$84,($8A48)
00:4BEA  65 DA  BCS     #$DA [00:4BC6]
00:901C  08 38  BTST    #7,($9659)
00:9022  66 00  BNE     #$0062 [00:9086]
00:9026  4E B9  JSR     ($00011C9E)
01:1C9E  50 F8  STTr    ($A0DE) [01:1C98]
01:1CA2  38 7C  MOVE.W  #$0010,A4
01:1CA6  7E 0B  MOVEQ   #$0B,D7
01:1CA8  4A 2C  TST.B   $C000(A4)
01:1CAC  6A 14  BPL     #$14 [01:1CC2]
01:1CAE  3F 07  MOVE.W  D7,-(SP)
01:1CB0  70 00  MOVEQ   #$00,D0
01:1CB2  10 2C  MOVE.B  $CE01(A4),D0
01:1CB6  41 FA  LEA     $0012(PC),A0
01:1CBA  D0 F0  ADDA.W  $00(A0,D0),A0
01:1CBE  4E 90  JSR     (A0)
01:1F86  41 EC  LEA     $CA02(A4),A0
01:1F8A  08 2C  BTST    #0,$CE00(A4)
01:1F90  67 2C  BEQ     #$2C [01:1FBE]
01:1F92  08 2C  BTST    #7,$CE00(A4)
01:1F98  66 0C  BNE     #$0C [01:1FA6]
01:1F9A  06 50  ADDI.W  #$0020,(A0)
01:1F9E  0C 50  CMPI.W  #$0200,(A0)
01:1FA2  6D 26  BLT     #$26 [01:1FCA]
01:1FCA  4E B8  JSR     ($0AB4)
00:0AB4  61 20  BSR     #$20 [00:0AD6]
00:0AD6  10 2C  MOVE.B  $CA03(A4),D0
00:0ADA  D1 2C  ADD.B   D0,$C902(A4)
00:0ADE  36 2C  MOVE.W  $C900(A4),D3
00:0AE2  10 2C  MOVE.B  $CA02(A4),D0
00:0AE6  48 80  EXT.W   D0
00:0AE8  D1 43  ADDX.W  D3,D0
00:0AEA  39 40  MOVE.W  D0,$C900(A4)
00:0AEE  39 43  MOVE.W  D3,$D202(A4)
00:0AF2  4E 75  RTS
00:0AB6  48 40  SWAP.W  D0
00:0AB8  10 2C  MOVE.B  $CA01(A4),D0
00:0ABC  D1 2C  ADD.B   D0,$C802(A4)
00:0AC0  34 2C  MOVE.W  $C800(A4),D2
00:0AC4  10 2C  MOVE.B  $CA00(A4),D0
00:0AC8  48 80  EXT.W   D0
00:0ACA  D1 42  ADDX.W  D2,D0
00:0ACC  39 40  MOVE.W  D0,$C800(A4)
00:0AD0  39 42  MOVE.W  D2,$D200(A4)
00:0AD4  4E 75  RTS
01:1FCE  60 00  BRA     #$FD2C [01:1CFC]
01:1CFC  30 2C  MOVE.W  $D300(A4),D0
01:1D00  6A 10  BPL     #$10 [01:1D12]
01:1D02  4E B8  JSR     ($0BEE)
00:0BEE  61 D6  BSR     #$D6 [00:0BC6]
00:0BC6  30 2C  MOVE.W  $C800(A4),D0
00:0BCA  74 00  MOVEQ   #$00,D2
00:0BCC  14 2C  MOVE.B  $CB02(A4),D2
00:0BD0  90 78  SUB.W   ($9758),D0
00:0BD4  32 00  MOVE.W  D0,D1
00:0BD6  D2 42  ADD.W   D2,D1
00:0BD8  06 41  ADDI.W  #$0020,D1
00:0BDC  6B 0C  BMI     #$0C [00:0BEA]
00:0BDE  90 42  SUB.W   D2,D0
00:0BE0  04 40  SUBI.W  #$0140,D0
00:0BE4  6A 04  BPL     #$04 [00:0BEA]
00:0BEA  70 FF  MOVEQ   #$FF,D0
00:0BEC  4E 75  RTS
00:0BF0  67 02  BEQ     #$02 [00:0BF4]
00:0BF2  4E 75  RTS
01:1D06  66 22  BNE     #$22 [01:1D2A]
01:1D2A  4E 75  RTS
01:1CC0  3E 1F  MOVE.W  (SP)+,D7
01:1CC2  58 4C  ADDQ.W  #4,A4
01:1CC4  51 CF  DBFa    D7,#$FFE2 [02:1CA8]
01:1FA6  04 50  SUBI.W  #$0020,(A0)
01:1FAA  0C 50  CMPI.W  #$FE00,(A0)
01:1FAE  6E 1A  BGT     #$1A [01:1FCA]
01:1D12  32 40  MOVE.W  D0,A1
01:1D14  70 0F  MOVEQ   #$0F,D0
01:1D16  C0 29  AND.B   $9F8E(A1),D0
01:1D1A  66 10  BNE     #$10 [01:1D2C]
01:1D1C  4E B8  JSR     ($0BEE)
00:0BE6  70 00  MOVEQ   #$00,D0
00:0BE8  4E 75  RTS
00:0BF4  30 2C  MOVE.W  $C900(A4),D0
00:0BF8  74 00  MOVEQ   #$00,D2
00:0BFA  14 2C  MOVE.B  $CB03(A4),D2
00:0BFE  90 78  SUB.W   ($975A),D0
00:0C02  32 00  MOVE.W  D0,D1
00:0C04  D2 42  ADD.W   D2,D1
00:0C06  06 41  ADDI.W  #$0020,D1
00:0C0A  6B 0C  BMI     #$0C [00:0C18]
00:0C0C  90 42  SUB.W   D2,D0
00:0C0E  04 40  SUBI.W  #$00E0,D0
00:0C12  6A 04  BPL     #$04 [00:0C18]
00:0C14  70 00  MOVEQ   #$00,D0
00:0C16  4E 75  RTS
01:1D20  67 0A  BEQ     #$0A [01:1D2C]
01:1D2C  33 4C  MOVE.W  A4,$9F90(A1)
01:1D30  30 2C  MOVE.W  $D402(A4),D0
01:1D34  D0 40  ADD.W   D0,D0
01:1D36  D0 6C  ADD.W   $D402(A4),D0
01:1D3A  41 FA  LEA     $07CF(PC),A0
01:1D3E  D0 C0  ADDA.W  D0,A0
01:1D40  13 58  MOVE.B  (A0)+,$9F8F(A1)
01:1D44  14 18  MOVE.B  (A0)+,D2
01:1D46  48 82  EXT.W   D2
01:1D48  30 2C  MOVE.W  $C800(A4),D0
01:1D4C  32 00  MOVE.W  D0,D1
01:1D4E  92 6C  SUB.W   $D200(A4),D1
01:1D52  33 41  MOVE.W  D1,$A036(A1)
01:1D56  D0 42  ADD.W   D2,D0
01:1D58  33 40  MOVE.W  D0,$9FE2(A1)
01:1D5C  14 18  MOVE.B  (A0)+,D2
01:1D5E  48 82  EXT.W   D2
01:1D60  30 2C  MOVE.W  $C900(A4),D0
01:1D64  32 00  MOVE.W  D0,D1
01:1D66  92 6C  SUB.W   $D202(A4),D1
01:1D6A  33 41  MOVE.W  D1,$A038(A1)
01:1D6E  D0 42  ADD.W   D2,D0
01:1D70  33 40  MOVE.W  D0,$9FE4(A1)
01:1D74  70 00  MOVEQ   #$00,D0
01:1D76  10 18  MOVE.B  (A0)+,D0
01:1D78  33 40  MOVE.W  D0,$A08A(A1)
01:1D7C  10 18  MOVE.B  (A0)+,D0
01:1D7E  0C 29  CMPI.B  #$05,$9F8F(A1)
01:1D84  66 0A  BNE     #$0A [01:1D90]
01:1D90  33 40  MOVE.W  D0,$A08C(A1)
01:1D94  13 7C  MOVE.B  #$80,$9F8E(A1)
01:1D9A  4E 75  RTS
01:1CC8  4E 75  RTS
00:902C  08 38  BTST    #2,($965F)
00:9032  66 04  BNE     #$04 [00:9038]
00:9034  61 00  BSR     #$4CD2 [00:DD08]
00:DD08  21 CF  MOVE.L  SP,($9F26)
00:DD0C  00 38  ORI.B   #$04,($9659)
00:DD12  38 78  MOVE.W  ($9EEE),A4
00:DD16  4A 2C  TST.B   $CE00(A4)
00:DD1A  6B 00  BMI     #$0512 [00:E22E]
00:DD1E  4E B8  JSR     ($3F54)
00:3F54  47 F8  LEA     ($9754),A3
00:3F58  3C 2C  MOVE.W  $C800(A4),D6
00:3F5C  7E 00  MOVEQ   #$00,D7
00:3F5E  1E 2C  MOVE.B  $CB03(A4),D7
00:3F62  DE 6C  ADD.W   $C900(A4),D7
00:3F66  4E B8  JSR     ($30D2)
00:30D2  E8 4E  LSR.W   #4,D6
00:30D4  02 47  ANDI.W  #$FFF0,D7
00:30D8  E5 47  ASL.W   #2,D7
00:30DA  4E B8  JSR     ($2542)
00:2542  70 00  MOVEQ   #$00,D0
00:2544  34 06  MOVE.W  D6,D2
00:2546  04 42  SUBI.W  #$0100,D2
00:254A  64 04  BCC     #$04 [00:2550]
00:2550  B4 6B  CMP.W   $0044(A3),D2
00:2554  63 04  BLS     #$04 [00:255A]
00:255A  36 07  MOVE.W  D7,D3
00:255C  04 43  SUBI.W  #$4000,D3
00:2560  64 04  BCC     #$04 [00:2566]
00:2566  B6 6B  CMP.W   $0046(A3),D3
00:256A  63 04  BLS     #$04 [00:2570]
00:2570  7A 00  MOVEQ   #$00,D5
00:2572  38 3C  MOVE.W  #$0C00,D4
00:2576  B6 44  CMP.W   D4,D3
00:2578  65 04  BCS     #$04 [00:257E]
00:257E  E2 4C  LSR.W   #1,D4
00:2580  B6 44  CMP.W   D4,D3
00:2582  65 06  BCS     #$06 [00:258A]
00:258A  E2 4C  LSR.W   #1,D4
00:258C  B6 44  CMP.W   D4,D3
00:258E  65 04  BCS     #$04 [00:2594]
00:2594  08 2B  BTST    #1,$0000(A3)
00:259A  67 02  BEQ     #$02 [00:259E]
00:259E  38 02  MOVE.W  D2,D4
00:25A0  E8 4C  LSR.W   #4,D4
00:25A2  88 45  OR.W    D5,D4
00:25A4  30 6B  MOVE.W  $0022(A3),A0
00:25A8  18 30  MOVE.B  $00(A0,D4),D4
00:25AC  6B 1A  BMI     #$1A [00:25C8]
00:25AE  D8 44  ADD.W   D4,D4
00:25B0  E2 4B  LSR.W   #1,D3
00:25B2  72 0F  MOVEQ   #$0F,D1
00:25B4  C2 42  AND.W   D2,D1
00:25B6  D2 41  ADD.W   D1,D1
00:25B8  D2 43  ADD.W   D3,D1
00:25BA  D2 7B  ADD.W   $0E(PC,D4),D1
00:25BE  41 F9  LEA     ($00FF5000),A0
00:25C4  30 30  MOVE.W  $00(A0,D1),D0
00:25C8  4E 75  RTS
00:30DE  32 00  MOVE.W  D0,D1
00:30E0  02 41  ANDI.W  #$0300,D1
00:30E4  EC 49  LSR.W   #6,D1
00:30E6  20 73  MOVE.L  $10(A3,D1),A0
00:30EA  32 3C  MOVE.W  #$0800,D1
00:30EE  12 00  MOVE.B  D0,D1
00:30F0  12 30  MOVE.B  $00(A0,D1),D1
00:30F4  14 01  MOVE.B  D1,D2
00:30F6  02 42  ANDI.W  #$00F0,D2
00:30FA  E6 4A  LSR.W   #3,D2
00:30FC  30 7C  MOVE.W  #$3FC2,A0
00:3100  34 30  MOVE.W  $00(A0,D2),D2
00:3104  D0 C2  ADDA.W  D2,A0
00:3106  14 01  MOVE.B  D1,D2
00:3108  02 42  ANDI.W  #$000F,D2
00:310C  D4 42  ADD.W   D2,D2
00:310E  34 30  MOVE.W  $00(A0,D2),D2
00:3112  B8 F8  CMPA.W  ($9EEE),A4
00:3116  66 28  BNE     #$28 [00:3140]
00:3118  30 02  MOVE.W  D2,D0
00:311A  02 40  ANDI.W  #$F000,D0
00:311E  0C 40  CMPI.W  #$5000,D0
00:3122  66 0C  BNE     #$0C [00:3130]
00:3130  0C 40  CMPI.W  #$6000,D0
00:3134  66 0A  BNE     #$0A [00:3140]
00:3140  4E 75  RTS
00:3F6A  31 C2  MOVE.W  D2,($9EDE)
00:3F6E  4E 75  RTS
00:DD22  4E B8  JSR     ($3F74)
00:3F74  3C 2C  MOVE.W  $C800(A4),D6
00:3F78  70 00  MOVEQ   #$00,D0
00:3F7A  10 2C  MOVE.B  $CB03(A4),D0
00:3F7E  3E 2C  MOVE.W  $C900(A4),D7
00:3F82  9E 40  SUB.W   D0,D7
00:3F84  4E B8  JSR     ($30D2)
00:3F88  31 C2  MOVE.W  D2,($9EDC)
00:3F8C  4E 75  RTS
00:DD26  4E B8  JSR     ($3F92)
00:3F92  3C 2C  MOVE.W  $C800(A4),D6
00:3F96  7E 00  MOVEQ   #$00,D7
00:3F98  1E 2C  MOVE.B  $CB03(A4),D7
00:3F9C  DE 6C  ADD.W   $C900(A4),D7
00:3FA0  53 47  SUBQ.W  #1,D7
00:3FA2  4E B8  JSR     ($30D2)
00:3FA6  31 C2  MOVE.W  D2,($9EE0)
00:3FAA  4E 75  RTS
00:DD2A  4E B8  JSR     ($3FB0)
00:3FB0  3C 2C  MOVE.W  $C800(A4),D6
00:3FB4  3E 2C  MOVE.W  $C900(A4),D7
00:3FB8  4E B8  JSR     ($30D2)
00:3FBC  31 C2  MOVE.W  D2,($9EE2)
00:3FC0  4E 75  RTS
00:DD2E  61 00  BSR     #$02AE [00:DFDE]
00:DFDE  61 6E  BSR     #$6E [00:E04E]
00:E04E  4A 2C  TST.B   $D503(A4)
00:E052  6B 26  BMI     #$26 [00:E07A]
00:E054  08 2C  BTST    #4,$D503(A4)
00:E05A  66 0C  BNE     #$0C [00:E068]
00:E05C  08 2C  BTST    #6,$D503(A4)
00:E062  67 22  BEQ     #$22 [00:E086]
00:E086  4E 75  RTS
00:DFE0  08 38  BTST    #6,($966B)
00:DFE6  67 14  BEQ     #$14 [00:DFFC]
00:DFFC  30 38  MOVE.W  ($9EDE),D0
00:E000  32 3C  MOVE.W  #$F000,D1
00:E004  C0 41  AND.W   D1,D0
00:E006  0C 40  CMPI.W  #$D000,D0
00:E00A  67 00  BEQ     #$00F6 [00:E102]
00:E00E  08 B8  BCLR    #1,($9854)
00:E014  66 00  BNE     #$00E6 [00:E0FC]
00:E018  4A 38  TST.B   ($9F0A)
00:E01C  66 2E  BNE     #$2E [00:E04C]
00:E01E  34 3C  MOVE.W  #$3000,D2
00:E022  C0 41  AND.W   D1,D0
00:E024  B0 42  CMP.W   D2,D0
00:E026  67 00  BEQ     #$00F2 [00:E11A]
00:E02A  30 38  MOVE.W  ($9EE0),D0
00:E02E  C0 41  AND.W   D1,D0
00:E030  B0 42  CMP.W   D2,D0
00:E032  67 00  BEQ     #$00E6 [00:E11A]
00:E036  30 38  MOVE.W  ($9EDC),D0
00:E03A  C0 41  AND.W   D1,D0
00:E03C  B0 42  CMP.W   D2,D0
00:E03E  67 00  BEQ     #$00DA [00:E11A]
00:E042  08 B8  BCLR    #0,($9854)
00:E048  66 00  BNE     #$00D0 [00:E11A]
00:E04C  4E 75  RTS
00:DD32  61 00  BSR     #$0472 [00:E1A6]
00:E1A6  70 00  MOVEQ   #$00,D0
00:E1A8  19 40  MOVE.B  D0,$D503(A4)
00:E1AC  29 40  MOVE.L  D0,$D600(A4)
00:E1B0  29 40  MOVE.L  D0,$D700(A4)
00:E1B4  31 F8  MOVE.W  ($9EFA),($9EFE)
00:E1BA  39 78  MOVE.W  ($9EFC),$CC02(A4)
00:E1C0  29 78  MOVE.L  ($9EF6),$CD00(A4)
00:E1C6  39 7C  MOVE.W  #$0100,$C602(A4)
00:E1CC  02 38  ANDI.B  #$BA,($9F02)
00:E1D2  02 38  ANDI.B  #$FE,($9F03)
00:E1D8  02 2C  ANDI.B  #$E7,$CE00(A4)
00:E1DE  02 38  ANDI.B  #$EF,($9F06)
00:E1E4  42 38  CLR.B   ($9F0F)
00:E1E8  70 0A  MOVEQ   #$0A,D0
00:E1EA  C0 2C  AND.B   $CF00(A4),D0
00:E1EE  55 00  SUBQ.B  #2,D0
00:E1F0  66 06  BNE     #$06 [00:E1F8]
00:E1F2  00 38  ORI.B   #$01,($9F03)
00:E1F8  4A 38  TST.B   ($9F09)
00:E1FC  67 04  BEQ     #$04 [00:E202]
00:E202  4A 38  TST.B   ($9F07)
00:E206  67 04  BEQ     #$04 [00:E20C]
00:E20C  4A 38  TST.B   ($9F08)
00:E210  67 04  BEQ     #$04 [00:E216]
00:E216  02 2C  ANDI.B  #$BF,$C003(A4)
00:E21C  4A 38  TST.B   ($9F0A)
00:E220  67 0A  BEQ     #$0A [00:E22C]
00:E22C  4E 75  RTS
00:DD36  61 00  BSR     #$0132 [00:DE6A]
00:DE6A  11 F8  MOVE.B  ($9F0B),($9F0C)
00:DE70  70 00  MOVEQ   #$00,D0
00:DE72  10 38  MOVE.B  ($9F05),D0
00:DE76  41 FA  LEA     $0060(PC),A0
00:DE7A  D0 F0  ADDA.W  $00(A0,D0),A0
00:DE7E  4E 90  JSR     (A0)
00:DEE2  11 F8  MOVE.B  ($8A7A),($9F0B)
00:DEE8  4E 75  RTS
00:DE80  10 38  MOVE.B  ($9F06),D0
00:DE84  02 00  ANDI.B  #$60,D0
00:DE88  67 3C  BEQ     #$3C [00:DEC6]
00:DEC6  12 38  MOVE.B  ($9F0B),D1
00:DECA  10 38  MOVE.B  ($9F0C),D0
00:DECE  B3 00  EOR.B   D1,D0
00:DED0  C0 01  AND.B   D1,D0
00:DED2  11 C0  MOVE.B  D0,($9F0D)
00:DED6  4E 75  RTS
00:DD3A  61 00  BSR     #$1474 [00:F1B0]
00:F1B0  08 B8  BCLR    #7,($9F78)
00:F1B6  66 02  BNE     #$02 [00:F1BA]
00:F1B8  4E 75  RTS
00:DD3E  61 00  BSR     #$0260 [00:DFA0]
00:DFA0  30 38  MOVE.W  ($9EDE),D0
00:DFA4  02 40  ANDI.W  #$F000,D0
00:DFA8  0A 40  EORI.W  #$9000,D0
00:DFAC  66 2E  BNE     #$2E [00:DFDC]
00:DFDC  4E 75  RTS
00:DD42  61 00  BSR     #$0582 [00:E2C6]
00:E2C6  4E 56  LINK    A6,#$0002
00:E2CA  41 F9  LEA     ($0000E2FC),A0
00:E2D0  70 00  MOVEQ   #$00,D0
00:E2D2  10 38  MOVE.B  ($9F04),D0
00:E2D6  D0 40  ADD.W   D0,D0
00:E2D8  D0 F0  ADDA.W  $00(A0,D0),A0
00:E2DC  70 00  MOVEQ   #$00,D0
00:E2DE  72 00  MOVEQ   #$00,D1
00:E2E0  10 2C  MOVE.B  $CE01(A4),D0
00:E2E4  12 30  MOVE.B  $00(A0,D0),D1
00:E2E8  41 F9  LEA     ($0000E320),A0
00:E2EE  D0 40  ADD.W   D0,D0
00:E2F0  D0 F0  ADDA.W  $00(A0,D0),A0
00:E2F4  D2 41  ADD.W   D1,D1
00:E2F6  D0 F0  ADDA.W  $00(A0,D1),A0
00:E2FA  4E D0  JMP     (A0)
00:E3C4  08 2C  BTST    #5,$CE00(A4)
00:E3CA  66 18  BNE     #$18 [00:E3E4]
00:E3CC  61 00  BSR     #$0638 [00:EA06]
00:EA06  30 38  MOVE.W  ($9EE2),D0
00:EA0A  0A 40  EORI.W  #$7000,D0
00:EA0E  66 10  BNE     #$10 [00:EA20]
00:EA20  4E 75  RTS
00:E3D0  61 00  BSR     #$0854 [00:EC26]
00:EC26  4A 38  TST.B   ($9F07)
00:EC2A  66 00  BNE     #$00EA [00:ED16]
00:EC2E  08 38  BTST    #0,($9F0B)
00:EC34  67 00  BEQ     #$00E0 [00:ED16]
00:ED16  4E 75  RTS
00:E3D4  61 00  BSR     #$06F4 [00:EACA]
00:EACA  08 38  BTST    #0,($9F03)
00:EAD0  67 00  BEQ     #$004A [00:EB1C]
00:EAD4  08 38  BTST    #1,($9F0B)
00:EADA  67 40  BEQ     #$40 [00:EB1C]
00:EB1C  4E 75  RTS
00:E3D8  61 00  BSR     #$07C4 [00:EB9E]
00:EB9E  08 38  BTST    #0,($966B)
00:EBA4  66 24  BNE     #$24 [00:EBCA]
00:EBA6  08 38  BTST    #5,($9F0D)
00:EBAC  67 1A  BEQ     #$1A [00:EBC8]
00:EBC8  4E 75  RTS
00:E3DC  61 00  BSR     #$076E [00:EB4C]
00:EB4C  08 38  BTST    #6,($9F0B)
00:EB52  66 2C  BNE     #$2C [00:EB80]
00:EB54  10 38  MOVE.B  ($9F0B),D0
00:EB58  02 00  ANDI.B  #$0C,D0
00:EB5C  67 22  BEQ     #$22 [00:EB80]
00:EB5E  08 00  BTST    #2,D0
00:EB62  67 04  BEQ     #$04 [00:EB68]
00:EB68  08 00  BTST    #3,D0
00:EB6C  67 12  BEQ     #$12 [00:EB80]
00:EB6E  61 1A  BSR     #$1A [00:EB8A]
00:EB8A  02 38  ANDI.B  #$FD,($9F02)
00:EB90  00 38  ORI.B   #$01,($9F02)
00:EB96  19 7C  MOVE.B  #$02,$CE01(A4)
00:EB9C  4E 75  RTS
00:EB70  08 38  BTST    #0,($9F03)
00:EB76  67 08  BEQ     #$08 [00:EB80]
00:EB78  00 38  ORI.B   #$40,($9F02)
00:EB7E  4E 5E  ULNK    A6
00:EB80  4E 75  RTS
00:DD46  61 00  BSR     #$11CA [00:EF12]
00:EF12  4A 38  TST.B   ($966B)
00:EF16  6B 34  BMI     #$34 [00:EF4C]
00:EF18  08 38  BTST    #6,($9F0B)
00:EF1E  67 2C  BEQ     #$2C [00:EF4C]
00:EF4C  4E 75  RTS
00:DD4A  61 00  BSR     #$1010 [00:ED5C]
00:ED5C  08 AC  BCLR    #5,$CE00(A4)
00:ED62  67 22  BEQ     #$22 [00:ED86]
00:ED86  08 38  BTST    #4,($9F0D)
00:ED8C  67 3C  BEQ     #$3C [00:EDCA]
00:EDCA  4E 75  RTS
00:DD4E  61 00  BSR     #$1292 [00:EFE2]
00:EFE2  08 38  BTST    #6,($9F03)
00:EFE8  66 00  BNE     #$257E [01:1568]
00:EFEC  08 2C  BTST    #5,$CE00(A4)
00:EFF2  66 08  BNE     #$08 [00:EFFC]
00:EFF4  70 00  MOVEQ   #$00,D0
00:EFF6  10 38  MOVE.B  ($9F0F),D0
00:EFFA  6A 02  BPL     #$02 [00:EFFE]
00:EFFE  41 FA  LEA     $0008(PC),A0
00:F002  D0 F0  ADDA.W  $00(A0,D0),A0
00:F006  4E D0  JMP     (A0)
00:F00C  0C 38  CMPI.B  #$02,($9F04)
00:F012  66 0A  BNE     #$0A [00:F01E]
00:F01E  12 38  MOVE.B  ($95CE),D1
00:F022  74 70  MOVEQ   #$70,D2
00:F024  03 02  BTST    D1,D2
00:F026  66 08  BNE     #$08 [00:F030]
00:F028  70 00  MOVEQ   #$00,D0
00:F02A  10 38  MOVE.B  ($95D0),D0
00:F02E  6A 24  BPL     #$24 [00:F054]
00:F030  4E 75  RTS
00:DD52  61 00  BSR     #$11FA [00:EF4E]
00:EF4E  08 B8  BCLR    #1,($9F06)
00:EF54  66 04  BNE     #$04 [00:EF5A]
00:EF56  4E B8  JSR     ($0B44)
00:0B44  30 2C  MOVE.W  $CC02(A4),D0
00:0B48  08 2C  BTST    #1,$D100(A4)
00:0B4E  66 06  BNE     #$06 [00:0B56]
00:0B56  34 2C  MOVE.W  $CD02(A4),D2
00:0B5A  32 2C  MOVE.W  $CA02(A4),D1
00:0B5E  4A 40  TST.W   D0
00:0B60  67 2E  BEQ     #$2E [00:0B90]
00:0B62  6B 14  BMI     #$14 [00:0B78]
00:0B64  B2 42  CMP.W   D2,D1
00:0B66  6D 08  BLT     #$08 [00:0B70]
00:0B70  D0 41  ADD.W   D1,D0
00:0B72  B0 42  CMP.W   D2,D0
00:0B74  6F 16  BLE     #$16 [00:0B8C]
00:0B8C  39 40  MOVE.W  D0,$CA02(A4)
00:0B90  4E 75  RTS
00:EF5A  08 B8  BCLR    #0,($9F06)
00:EF60  66 00  BNE     #$007E [00:EFE0]
00:EF64  30 38  MOVE.W  ($9EFE),D0
00:EF68  08 38  BTST    #0,($9F03)
00:EF6E  66 04  BNE     #$04 [00:EF74]
00:EF74  08 2C  BTST    #1,$CF02(A4)
00:EF7A  67 36  BEQ     #$36 [00:EFB2]
00:EFB2  08 2C  BTST    #5,$CE00(A4)
00:EFB8  66 1A  BNE     #$1A [00:EFD4]
00:EFBA  08 38  BTST    #0,($9F02)
00:EFC0  67 12  BEQ     #$12 [00:EFD4]
00:EFC2  08 38  BTST    #1,($9F02)
00:EFC8  67 02  BEQ     #$02 [00:EFCC]
00:EFCC  39 40  MOVE.W  D0,$CC00(A4)
00:EFD0  4E F8  JMP     ($0AF4)
00:0AF4  30 2C  MOVE.W  $CC00(A4),D0
00:0AF8  08 2C  BTST    #0,$D100(A4)
00:0AFE  66 06  BNE     #$06 [00:0B06]
00:0B06  34 2C  MOVE.W  $CD00(A4),D2
00:0B0A  32 2C  MOVE.W  $CA00(A4),D1
00:0B0E  4A 40  TST.W   D0
00:0B10  67 2E  BEQ     #$2E [00:0B40]
00:0B12  6B 14  BMI     #$14 [00:0B28]
00:0B14  B2 42  CMP.W   D2,D1
00:0B16  6D 08  BLT     #$08 [00:0B20]
00:0B18  67 26  BEQ     #$26 [00:0B40]
00:0B40  4E 75  RTS
00:DD56  61 00  BSR     #$130C [00:F064]
00:F064  08 B8  BCLR    #3,($9F06)
00:F06A  67 02  BEQ     #$02 [00:F06E]
00:F06E  70 00  MOVEQ   #$00,D0
00:F070  10 2C  MOVE.B  $CE01(A4),D0
00:F074  D0 40  ADD.W   D0,D0
00:F076  41 FA  LEA     $0008(PC),A0
00:F07A  D0 F0  ADDA.W  $00(A0,D0),A0
00:F07E  4E D0  JMP     (A0)
00:F0A8  70 06  MOVEQ   #$06,D0
00:F0AA  08 2C  BTST    #5,$CE00(A4)
00:F0B0  66 00  BNE     #$00D6 [00:F188]
00:F0B4  70 00  MOVEQ   #$00,D0
00:F0B6  08 38  BTST    #0,($9F03)
00:F0BC  67 00  BEQ     #$00CA [00:F188]
00:F0C0  08 2C  BTST    #1,$CF02(A4)
00:F0C6  67 28  BEQ     #$28 [00:F0F0]
00:F0F0  70 02  MOVEQ   #$02,D0
00:F0F2  60 00  BRA     #$0094 [00:F188]
00:F188  02 2C  ANDI.B  #$F7,$C002(A4)
00:F18E  08 38  BTST    #1,($9F02)
00:F194  67 06  BEQ     #$06 [00:F19C]
00:F19C  08 B8  BCLR    #4,($9F02)
00:F1A2  66 06  BNE     #$06 [00:F1AA]
00:F1A4  B0 2C  CMP.B   $C302(A4),D0
00:F1A8  67 04  BEQ     #$04 [00:F1AE]
00:F1AE  4E 75  RTS
00:DD5A  4E B8  JSR     ($080E)
00:080E  41 F9  LEA     ($000A0000),A0
00:0814  08 EC  BSET    #0,$C003(A4)
00:081A  66 30  BNE     #$30 [00:084C]
00:084C  08 2C  BTST    #5,$C000(A4)
00:0852  66 00  BNE     #$00A8 [00:08FC]
00:0856  4A 6C  TST.W   $C600(A4)
00:085A  67 00  BEQ     #$00A0 [00:08FC]
00:085E  30 2C  MOVE.W  $C602(A4),D0
00:0862  91 6C  SUB.W   D0,$C600(A4)
00:0866  65 08  BCS     #$08 [00:0870]
00:0868  4A 2C  TST.B   $C600(A4)
00:086C  66 00  BNE     #$008E [00:08FC]
00:08FC  10 2C  MOVE.B  $C003(A4),D0
00:0900  02 00  ANDI.B  #$FB,D0
00:0904  08 00  BTST    #4,D0
00:0908  67 10  BEQ     #$10 [00:091A]
00:091A  08 00  BTST    #6,D0
00:091E  67 30  BEQ     #$30 [00:0950]
00:0950  00 00  ORI.B   #$80,D0
00:0954  19 40  MOVE.B  D0,$C003(A4)
00:0958  4E 75  RTS
00:DD5E  61 1C  BSR     #$1C [00:DD7C]
00:DD7C  08 38  BTST    #0,($966B)
00:DD82  66 58  BNE     #$58 [00:DDDC]
00:DD84  30 38  MOVE.W  ($9EE2),D0
00:DD88  0C 40  CMPI.W  #$7000,D0
00:DD8C  67 06  BEQ     #$06 [00:DD94]
00:DD8E  0A 40  EORI.W  #$5000,D0
00:DD92  66 14  BNE     #$14 [00:DDA8]
00:DDA8  30 38  MOVE.W  ($9EDE),D0
00:DDAC  0C 40  CMPI.W  #$7000,D0
00:DDB0  67 2A  BEQ     #$2A [00:DDDC]
00:DDB2  0C 40  CMPI.W  #$5000,D0
00:DDB6  67 24  BEQ     #$24 [00:DDDC]
00:DDB8  08 AC  BCLR    #7,$D100(A4)
00:DDBE  67 1C  BEQ     #$1C [00:DDDC]
00:DDDC  4E 75  RTS
00:DD60  61 7C  BSR     #$7C [00:DDDE]
00:DDDE  08 38  BTST    #0,($966B)
00:DDE4  67 00  BEQ     #$0082 [00:DE68]
00:DE68  4E 75  RTS
00:DD62  4E B8  JSR     ($3E4C)
00:3E4C  41 FA  LEA     $0092(PC),A0
00:3E50  08 38  BTST    #0,($966B)
00:3E56  66 02  BNE     #$02 [00:3E5A]
00:3E58  4E 75  RTS
00:DD66  4E B8  JSR     ($2E38)
00:2E38  47 F8  LEA     ($9754),A3
00:2E3C  4E B8  JSR     ($0AB8)
00:2E40  4E B8  JSR     ($3F08)
00:3F08  08 2C  BTST    #6,$D100(A4)
00:3F0E  66 42  BNE     #$42 [00:3F52]
00:3F10  70 0A  MOVEQ   #$0A,D0
00:3F12  C0 2C  AND.B   $D101(A4),D0
00:3F16  55 00  SUBQ.B  #2,D0
00:3F18  66 38  BNE     #$38 [00:3F52]
00:3F1A  30 38  MOVE.W  ($9EDE),D0
00:3F1E  02 40  ANDI.W  #$F008,D0
00:3F22  0C 40  CMPI.W  #$1008,D0
00:3F26  67 0E  BEQ     #$0E [00:3F36]
00:3F28  32 2C  MOVE.W  $CF02(A4),D1
00:3F2C  02 41  ANDI.W  #$F008,D1
00:3F30  0C 41  CMPI.W  #$1008,D1
00:3F34  66 06  BNE     #$06 [00:3F3C]
00:3F3C  0C 40  CMPI.W  #$2008,D0
00:3F40  67 06  BEQ     #$06 [00:3F48]
00:3F42  0C 41  CMPI.W  #$2008,D1
00:3F46  66 0A  BNE     #$0A [00:3F52]
00:3F52  4E 75  RTS
00:2E44  19 6C  MOVE.B  $CF00(A4),$D101(A4)
00:2E4A  39 6C  MOVE.W  $CF02(A4),$D102(A4)
00:2E50  70 00  MOVEQ   #$00,D0
00:2E52  19 40  MOVE.B  D0,$CF00(A4)
00:2E56  39 40  MOVE.W  D0,$CF02(A4)
00:2E5A  4E B8  JSR     ($3AFC)
00:3AFC  08 2C  BTST    #6,$D100(A4)
00:3B02  67 02  BEQ     #$02 [00:3B06]
00:3B06  08 38  BTST    #4,($966B)
00:3B0C  67 10  BEQ     #$10 [00:3B1E]
00:3B1E  10 2C  MOVE.B  $D101(A4),D0
00:3B22  02 00  ANDI.B  #$8A,D0
00:3B26  0A 00  EORI.B  #$82,D0
00:3B2A  66 12  BNE     #$12 [00:3B3E]
00:3B3E  70 00  MOVEQ   #$00,D0
00:3B40  34 40  MOVE.W  D0,A2
00:3B42  39 40  MOVE.W  D0,$D000(A4)
00:3B46  10 2C  MOVE.B  $CB02(A4),D0
00:3B4A  38 2C  MOVE.W  $C800(A4),D4
00:3B4E  3A 04  MOVE.W  D4,D5
00:3B50  3C 04  MOVE.W  D4,D6
00:3B52  DA 40  ADD.W   D0,D5
00:3B54  9C 40  SUB.W   D0,D6
00:3B56  98 6C  SUB.W   $D200(A4),D4
00:3B5A  7E 05  MOVEQ   #$05,D7
00:3B5C  4A 2A  TST.B   $9F8E(A2)
00:3B60  6A 02  BPL     #$02 [00:3B64]
00:3B62  61 10  BSR     #$10 [00:3B74]
00:3B74  30 2C  MOVE.W  $C900(A4),D0
00:3B78  32 2A  MOVE.W  $9FE4(A2),D1
00:3B7C  B0 41  CMP.W   D1,D0
00:3B7E  64 02  BCC     #$02 [00:3B82]
00:3B80  C3 40  EXG.L   D0,D1
00:3B82  90 41  SUB.W   D1,D0
00:3B84  72 00  MOVEQ   #$00,D1
00:3B86  12 2C  MOVE.B  $CB03(A4),D1
00:3B8A  53 41  SUBQ.W  #1,D1
00:3B8C  D2 6A  ADD.W   $A08C(A2),D1
00:3B90  B0 41  CMP.W   D1,D0
00:3B92  62 00  BHI     #$008C [00:3C20]
00:3C20  4E 75  RTS
00:3B64  58 4A  ADDQ.W  #4,A2
00:3B66  51 CF  DBFa    D7,#$FFF4 [01:3B5C]
00:3B6A  30 2C  MOVE.W  $D000(A4),D0
00:3B6E  D1 6C  ADD.W   D0,$C800(A4)
00:3B72  4E 75  RTS
00:2E5E  4E B8  JSR     ($3142)
00:3142  08 38  BTST    #1,($966B)
00:3148  67 04  BEQ     #$04 [00:314E]
00:314E  4E 56  LINK    A6,#$FFF6
00:3152  70 00  MOVEQ   #$00,D0
00:3154  10 2C  MOVE.B  $CB02(A4),D0
00:3158  3C 2C  MOVE.W  $C800(A4),D6
00:315C  32 06  MOVE.W  D6,D1
00:315E  D2 40  ADD.W   D0,D1
00:3160  53 41  SUBQ.W  #1,D1
00:3162  3D 41  MOVE.W  D1,$FFF8(A6)
00:3166  9C 40  SUB.W   D0,D6
00:3168  3D 46  MOVE.W  D6,$FFFA(A6)
00:316C  7E 00  MOVEQ   #$00,D7
00:316E  1E 2C  MOVE.B  $CB03(A4),D7
00:3172  30 07  MOVE.W  D7,D0
00:3174  D0 6C  ADD.W   $C900(A4),D0
00:3178  53 40  SUBQ.W  #1,D0
00:317A  44 47  NEG.W   D7
00:317C  DE 6C  ADD.W   $C900(A4),D7
00:3180  3D 47  MOVE.W  D7,$FFF6(A6)
00:3184  72 F0  MOVEQ   #$F0,D1
00:3186  C0 41  AND.W   D1,D0
00:3188  CE 41  AND.W   D1,D7
00:318A  90 47  SUB.W   D7,D0
00:318C  E8 48  LSR.W   #4,D0
00:318E  3D 40  MOVE.W  D0,$FFFC(A6)
00:3192  3D 40  MOVE.W  D0,$FFFE(A6)
00:3196  E8 4E  LSR.W   #4,D6
00:3198  02 47  ANDI.W  #$FFF0,D7
00:319C  E5 47  ASL.W   #2,D7
00:319E  4E B8  JSR     ($30DA)
00:31A2  30 02  MOVE.W  D2,D0
00:31A4  02 40  ANDI.W  #$0102,D0
00:31A8  55 40  SUBQ.W  #2,D0
00:31AA  66 1C  BNE     #$1C [00:31C8]
00:31C8  06 47  ADDI.W  #$0040,D7
00:31CC  53 6E  SUBQ.W  #1,$FFFE(A6)
00:31D0  6A CC  BPL     #$CC [00:319E]
00:31D2  3E 2E  MOVE.W  $FFF6(A6),D7
00:31D6  3C 2E  MOVE.W  $FFF8(A6),D6
00:31DA  E8 4E  LSR.W   #4,D6
00:31DC  02 47  ANDI.W  #$FFF0,D7
00:31E0  E5 47  ASL.W   #2,D7
00:31E2  4E B8  JSR     ($30DA)
00:31E6  30 02  MOVE.W  D2,D0
00:31E8  02 40  ANDI.W  #$0101,D0
00:31EC  53 40  SUBQ.W  #1,D0
00:31EE  66 30  BNE     #$30 [00:3220]
00:3220  06 47  ADDI.W  #$0040,D7
00:3224  53 6E  SUBQ.W  #1,$FFFC(A6)
00:3228  6A B8  BPL     #$B8 [00:31E2]
00:322A  4E 5E  ULNK    A6
00:322C  4E 75  RTS
00:2E62  4E B8  JSR     ($303A)
00:303A  08 2C  BTST    #0,$CF00(A4)
00:3040  67 54  BEQ     #$54 [00:3096]
00:3096  4E 75  RTS
00:2E66  08 2C  BTST    #6,$CF00(A4)
00:2E6C  67 1C  BEQ     #$1C [00:2E8A]
00:2E8A  4E B8  JSR     ($0AD6)
00:2E8E  4E B8  JSR     ($3C22)
00:3C22  08 2C  BTST    #6,$D100(A4)
00:3C28  67 02  BEQ     #$02 [00:3C2C]
00:3C2C  31 FC  MOVE.W  #$FFFF,($9EE4)
00:3C32  08 38  BTST    #4,($966B)
00:3C38  67 1C  BEQ     #$1C [00:3C56]
00:3C56  10 2C  MOVE.B  $D101(A4),D0
00:3C5A  02 00  ANDI.B  #$8A,D0
00:3C5E  0A 00  EORI.B  #$82,D0
00:3C62  66 36  BNE     #$36 [00:3C9A]
00:3C9A  70 00  MOVEQ   #$00,D0
00:3C9C  34 40  MOVE.W  D0,A2
00:3C9E  39 40  MOVE.W  D0,$D002(A4)
00:3CA2  10 2C  MOVE.B  $CB03(A4),D0
00:3CA6  38 2C  MOVE.W  $C900(A4),D4
00:3CAA  3A 04  MOVE.W  D4,D5
00:3CAC  3C 05  MOVE.W  D5,D6
00:3CAE  9C 40  SUB.W   D0,D6
00:3CB0  DA 40  ADD.W   D0,D5
00:3CB2  98 6C  SUB.W   $D202(A4),D4
00:3CB6  7E 05  MOVEQ   #$05,D7
00:3CB8  4A 2A  TST.B   $9F8E(A2)
00:3CBC  6A 18  BPL     #$18 [00:3CD6]
00:3CBE  10 2C  MOVE.B  $D101(A4),D0
00:3CC2  02 00  ANDI.B  #$8A,D0
00:3CC6  0A 00  EORI.B  #$82,D0
00:3CCA  66 08  BNE     #$08 [00:3CD4]
00:3CD4  61 30  BSR     #$30 [00:3D06]
00:3D06  61 00  BSR     #$00F8 [00:3E00]
00:3E00  30 2C  MOVE.W  $C800(A4),D0
00:3E04  32 2A  MOVE.W  $9FE2(A2),D1
00:3E08  B0 41  CMP.W   D1,D0
00:3E0A  64 02  BCC     #$02 [00:3E0E]
00:3E0E  90 41  SUB.W   D1,D0
00:3E10  72 00  MOVEQ   #$00,D1
00:3E12  12 2C  MOVE.B  $CB02(A4),D1
00:3E16  53 01  SUBQ.B  #1,D1
00:3E18  D2 6A  ADD.W   $A08A(A2),D1
00:3E1C  92 40  SUB.W   D0,D1
00:3E1E  4E 75  RTS
00:3D0A  65 00  BCS     #$00F2 [00:3DFE]
00:3DFE  4E 75  RTS
00:3CD6  58 4A  ADDQ.W  #4,A2
00:3CD8  51 CF  DBFa    D7,#$FFDE [01:3CB8]
00:3CDC  30 2C  MOVE.W  $D002(A4),D0
00:3CE0  D1 6C  ADD.W   D0,$C900(A4)
00:3CE4  10 2C  MOVE.B  $CF00(A4),D0
00:3CE8  02 00  ANDI.B  #$8A,D0
00:3CEC  0A 00  EORI.B  #$82,D0
00:3CF0  66 12  BNE     #$12 [00:3D04]
00:3D04  4E 75  RTS
00:2E92  4E B8  JSR     ($3A54)
00:3A54  4E 56  LINK    A6,#$FFFC
00:3A58  7E 00  MOVEQ   #$00,D7
00:3A5A  1E 2C  MOVE.B  $CB03(A4),D7
00:3A5E  44 47  NEG.W   D7
00:3A60  DE 6C  ADD.W   $C900(A4),D7
00:3A64  3D 47  MOVE.W  D7,$FFFE(A6)
00:3A68  4E B8  JSR     ($39DA)
00:39DA  7C 00  MOVEQ   #$00,D6
00:39DC  1C 2C  MOVE.B  $CB02(A4),D6
00:39E0  30 06  MOVE.W  D6,D0
00:39E2  D0 6C  ADD.W   $C800(A4),D0
00:39E6  53 40  SUBQ.W  #1,D0
00:39E8  44 46  NEG.W   D6
00:39EA  DC 6C  ADD.W   $C800(A4),D6
00:39EE  72 F0  MOVEQ   #$F0,D1
00:39F0  C0 41  AND.W   D1,D0
00:39F2  CC 41  AND.W   D1,D6
00:39F4  90 46  SUB.W   D6,D0
00:39F6  E8 48  LSR.W   #4,D0
00:39F8  4E 75  RTS
00:3A6C  3D 40  MOVE.W  D0,$FFFC(A6)
00:3A70  E8 4E  LSR.W   #4,D6
00:3A72  02 47  ANDI.W  #$FFF0,D7
00:3A76  E5 47  ASL.W   #2,D7
00:3A78  4E B8  JSR     ($30DA)
00:3A7C  30 02  MOVE.W  D2,D0
00:3A7E  02 40  ANDI.W  #$0104,D0
00:3A82  59 40  SUBQ.W  #4,D0
00:3A84  66 0C  BNE     #$0C [00:3A92]
00:3A92  52 46  ADDQ.W  #1,D6
00:3A94  53 6E  SUBQ.W  #1,$FFFC(A6)
00:3A98  6A DE  BPL     #$DE [00:3A78]
00:3A9A  60 10  BRA     #$10 [00:3AAC]
00:3AAC  4E 5E  ULNK    A6
00:3AAE  4E 75  RTS
00:2E96  4E B8  JSR     ($3584)
00:3584  21 FC  MOVE.L  #$000038E4,($9EE8)
00:358C  4E 56  LINK    A6,#$FFEC
00:3590  3E 2C  MOVE.W  $C900(A4),D7
00:3594  70 00  MOVEQ   #$00,D0
00:3596  10 2C  MOVE.B  $CB03(A4),D0
00:359A  DE 40  ADD.W   D0,D7
00:359C  3D 47  MOVE.W  D7,$FFFC(A6)
00:35A0  3D 47  MOVE.W  D7,$FFFA(A6)
00:35A4  D0 6C  ADD.W   $D202(A4),D0
00:35A8  3D 40  MOVE.W  D0,$FFFE(A6)
00:35AC  32 07  MOVE.W  D7,D1
00:35AE  92 40  SUB.W   D0,D1
00:35B0  3D 41  MOVE.W  D1,$FFF6(A6)
00:35B4  08 38  BTST    #1,($966B)
00:35BA  67 00  BEQ     #$0318 [00:38D4]
00:38D4  4A B8  TST.L   ($9EE8)
00:38D8  6B 06  BMI     #$06 [00:38E0]
00:38DA  20 78  MOVE.L  ($9EE8),A0
00:38DE  4E D0  JMP     (A0)
00:38E4  4E B8  JSR     ($39DA)
00:38E8  3D 40  MOVE.W  D0,$FFF8(A6)
00:38EC  3E 2E  MOVE.W  $FFFC(A6),D7
00:38F0  E8 4E  LSR.W   #4,D6
00:38F2  02 47  ANDI.W  #$FFF0,D7
00:38F6  E5 47  ASL.W   #2,D7
00:38F8  4E B8  JSR     ($30DA)
00:38FC  30 02  MOVE.W  D2,D0
00:38FE  02 40  ANDI.W  #$0108,D0
00:3902  51 40  SUBQ.W  #8,D0
00:3904  66 1C  BNE     #$1C [00:3922]
00:3906  70 0F  MOVEQ   #$0F,D0
00:3908  C0 6E  AND.W   $FFFC(A6),D0
00:390C  44 40  NEG.W   D0
00:390E  16 2C  MOVE.B  $D101(A4),D3
00:3912  02 03  ANDI.B  #$8A,D3
00:3916  55 03  SUBQ.B  #2,D3
00:3918  67 12  BEQ     #$12 [00:392C]
00:392C  39 40  MOVE.W  D0,$D002(A4)
00:3930  19 41  MOVE.B  D1,$CF01(A4)
00:3934  39 42  MOVE.W  D2,$CF02(A4)
00:3938  02 2C  ANDI.B  #$77,$CF00(A4)
00:393E  00 2C  ORI.B   #$02,$CF00(A4)
00:3944  4E 5E  ULNK    A6
00:3946  4E 75  RTS
00:2E9A  4E F8  JMP     ($3098)
00:3098  10 2C  MOVE.B  $CF00(A4),D0
00:309C  02 00  ANDI.B  #$A2,D0
00:30A0  55 00  SUBQ.B  #2,D0
00:30A2  66 28  BNE     #$28 [00:30CC]
00:30A4  30 2C  MOVE.W  $D002(A4),D0
00:30A8  D1 6C  ADD.W   D0,$C900(A4)
00:30AC  70 00  MOVEQ   #$00,D0
00:30AE  39 40  MOVE.W  D0,$C902(A4)
00:30B2  08 2C  BTST    #5,$D100(A4)
00:30B8  66 06  BNE     #$06 [00:30C0]
00:30BA  39 40  MOVE.W  D0,$CA02(A4)
00:30BE  4E 75  RTS
00:DD6A  31 C6  MOVE.W  D6,($9F18)
00:DD6E  31 C7  MOVE.W  D7,($9F1A)
00:DD72  11 EC  MOVE.B  $CF01(A4),($9F1C)
00:DD78  60 00  BRA     #$36A0 [01:141A]
01:141A  4A 38  TST.B   ($9F7A)
01:141E  6B 02  BMI     #$02 [01:1422]
01:1420  4E 75  RTS
00:9038  4A 38  TST.B   ($9F03)
00:903C  6A 04  BPL     #$04 [00:9042]
00:9042  08 38  BTST    #3,($965F)
00:9048  67 0C  BEQ     #$0C [00:9056]
00:9056  08 38  BTST    #1,($965F)
00:905C  66 00  BNE     #$670E [00:F76C]
00:9060  30 38  MOVE.W  ($9962),D0
00:9064  66 00  BNE     #$0184 [00:91EA]
00:9068  61 00  BSR     #$6A02 [00:FA6C]
00:FA6C  38 78  MOVE.W  ($9F30),A4
00:FA70  4A 2C  TST.B   $C000(A4)
00:FA74  6B 02  BMI     #$02 [00:FA78]
00:FA76  4E 75  RTS
00:906C  4E B9  JSR     ($000133B2)
01:33B2  61 00  BSR     #$F6BC [01:2A70]
01:2A70  4E 56  LINK    A6,#$FFFE
01:2A74  36 7C  MOVE.W  #$0000,A3
01:2A78  3D 7C  MOVE.W  #$0010,$FFFE(A6)
01:2A7E  08 38  BTST    #4,($9659)
01:2A84  67 0A  BEQ     #$0A [01:2A90]
01:2A90  4A 2B  TST.B   $A15C(A3)
01:2A94  6A 58  BPL     #$58 [01:2AEE]
01:2A96  08 EB  BSET    #0,$A15C(A3)
01:2A9C  66 3E  BNE     #$3E [01:2ADC]
01:2ADC  70 7F  MOVEQ   #$7F,D0
01:2ADE  C0 2B  AND.B   $A15D(A3),D0
01:2AE2  D0 40  ADD.W   D0,D0
01:2AE4  41 FA  LEA     $002C(PC),A0
01:2AE8  D0 F0  ADDA.W  $00(A0,D0),A0
01:2AEC  4E 90  JSR     (A0)
01:2B32  61 00  BSR     #$07EC [01:3320]
01:3320  10 2B  MOVE.B  $A24D(A3),D0
01:3324  12 2B  MOVE.B  $A24C(A3),D1
01:3328  6B 30  BMI     #$30 [01:335A]
01:332A  08 2B  BTST    #0,$A15F(A3)
01:3330  66 14  BNE     #$14 [01:3346]
01:3332  14 2B  MOVE.B  $A24F(A3),D2
01:3336  67 0E  BEQ     #$0E [01:3346]
01:3346  B0 01  CMP.B   D1,D0
01:3348  66 10  BNE     #$10 [01:335A]
01:334A  90 2B  SUB.B   $A24E(A3),D0
01:334E  90 2B  SUB.B   $A24F(A3),D0
01:3352  66 04  BNE     #$04 [01:3358]
01:3358  58 4F  ADDQ.W  #4,SP
01:335A  4E 75  RTS
01:2AEE  58 4B  ADDQ.W  #4,A3
01:2AF0  53 6E  SUBQ.W  #1,$FFFE(A6)
01:2AF4  66 9A  BNE     #$9A [01:2A90]
01:2A9E  10 2B  MOVE.B  $A15F(A3),D0
01:2AA2  08 00  BTST    #6,D0
01:2AA6  67 34  BEQ     #$34 [01:2ADC]
01:2BA0  61 00  BSR     #$077E [01:3320]
01:2BA4  B0 2B  CMP.B   $A24E(A3),D0
01:2BA8  66 46  BNE     #$46 [01:2BF0]
01:2BAA  08 2B  BTST    #0,$A15C(A3)
01:2BB0  67 3E  BEQ     #$3E [01:2BF0]
01:2BB2  08 2B  BTST    #6,$A15F(A3)
01:2BB8  66 0C  BNE     #$0C [01:2BC6]
01:2BBA  4A 2B  TST.B   $A29D(A3)
01:2BBE  67 06  BEQ     #$06 [01:2BC6]
01:2BC6  02 2B  ANDI.B  #$FE,$A15C(A3)
01:2BCC  42 2B  CLR.B   $A15E(A3)
01:2BD0  61 00  BSR     #$06AE [01:3280]
01:3280  08 38  BTST    #0,($9659)
01:3286  66 08  BNE     #$08 [01:3290]
01:3288  70 08  MOVEQ   #$08,D0
01:328A  C0 2B  AND.B   $A15F(A3),D0
01:328E  67 04  BEQ     #$04 [01:3294]
01:3294  34 78  MOVE.W  ($A11C),A2
01:3298  30 2B  MOVE.W  $A1FC(A3),D0
01:329C  90 6A  SUB.W   $C800(A2),D0
01:32A0  6A 02  BPL     #$02 [01:32A4]
01:32A4  0C 40  CMPI.W  #$0050,D0
01:32A8  64 10  BCC     #$10 [01:32BA]
01:32BA  4E 75  RTS
01:2BD4  65 1A  BCS     #$1A [01:2BF0]
01:2BD6  61 00  BSR     #$06E4 [01:32BC]
01:32BC  74 00  MOVEQ   #$00,D2
01:32BE  30 2B  MOVE.W  $A1FC(A3),D0
01:32C2  4E B8  JSR     ($0BD0)
01:32C6  6B 1C  BMI     #$1C [01:32E4]
01:32E4  08 2B  BTST    #2,$A15F(A3)
01:32EA  67 08  BEQ     #$08 [01:32F4]
01:32F4  74 40  MOVEQ   #$40,D2
01:32F6  30 2B  MOVE.W  $A1FC(A3),D0
01:32FA  4E B8  JSR     ($0BD0)
01:32FE  6B 1C  BMI     #$1C [01:331C]
01:331C  70 FF  MOVEQ   #$FF,D0
01:331E  4E 75  RTS
01:2BDA  6B 14  BMI     #$14 [01:2BF0]
01:2BF0  4E 75  RTS
01:2AF6  41 F8  LEA     ($A14C),A0
01:2AFA  70 03  MOVEQ   #$03,D0
01:2AFC  08 A8  BCLR    #7,$0002(A0)
01:2B02  67 04  BEQ     #$04 [01:2B08]
01:2B08  58 48  ADDQ.W  #4,A0
01:2B0A  51 C8  DBFa    D0,#$FFF0 [02:2AFC]
01:2B0E  4E 5E  ULNK    A6
01:2B10  4E 75  RTS
01:33B6  4E 56  LINK    A6,#$FFFE
01:33BA  38 78  MOVE.W  ($A11A),A4
01:33BE  3D 7C  MOVE.W  #$0010,$FFFE(A6)
01:33C4  4A 2C  TST.B   $C000(A4)
01:33C8  6A 42  BPL     #$42 [01:340C]
01:33CA  70 00  MOVEQ   #$00,D0
01:33CC  10 2C  MOVE.B  $D402(A4),D0
01:33D0  6B 3A  BMI     #$3A [01:340C]
01:33D2  08 38  BTST    #3,($9659)
01:33D8  67 06  BEQ     #$06 [01:33E0]
01:33E0  41 FA  LEA     $0036(PC),A0
01:33E4  D0 F0  ADDA.W  $00(A0,D0),A0
01:33E8  10 2C  MOVE.B  $D403(A4),D0
01:33EC  E2 48  LSR.W   #1,D0
01:33EE  10 30  MOVE.B  $00(A0,D0),D0
01:33F2  E5 48  LSL.W   #2,D0
01:33F4  41 F9  LEA     ($00013422),A0
01:33FA  20 70  MOVE.L  $00(A0,D0),A0
01:33FE  4E 90  JSR     (A0)
01:3582  70 00  MOVEQ   #$00,D0
01:3584  10 2C  MOVE.B  $D403(A4),D0
01:3588  41 FA  LEA     $05E6(PC),A0
01:358C  D0 F0  ADDA.W  $00(A0,D0),A0
01:3590  70 7F  MOVEQ   #$7F,D0
01:3592  C0 2C  AND.B   $D401(A4),D0
01:3596  32 00  MOVE.W  D0,D1
01:3598  10 30  MOVE.B  $00(A0,D0),D0
01:359C  D2 41  ADD.W   D1,D1
01:359E  41 FA  LEA     $0804(PC),A0
01:35A2  D0 F0  ADDA.W  $00(A0,D1),A0
01:35A6  E5 48  LSL.W   #2,D0
01:35A8  20 70  MOVE.L  $00(A0,D0),A0
01:35AC  4E D0  JMP     (A0)
01:463C  08 EC  BSET    #7,$D401(A4)
01:4642  66 14  BNE     #$14 [01:4658]
01:4658  4E B8  JSR     ($48C4)
00:48C4  08 2C  BTST    #0,$C000(A4)
00:48CA  66 42  BNE     #$42 [00:490E]
00:490E  4E 75  RTS
01:465C  4E B8  JSR     ($42C4)
00:42C4  4E B8  JSR     ($4792)
00:4792  34 78  MOVE.W  ($9EEE),A2
00:4796  08 38  BTST    #6,($9F03)
00:479C  67 04  BEQ     #$04 [00:47A2]
00:47A2  4E B8  JSR     ($0E64)
00:0E64  4A 2A  TST.B   $D503(A2)
00:0E68  6B 2E  BMI     #$2E [00:0E98]
00:0E6A  61 2E  BSR     #$2E [00:0E9A]
00:0E9A  78 00  MOVEQ   #$00,D4
00:0E9C  30 2C  MOVE.W  $C800(A4),D0
00:0EA0  32 2A  MOVE.W  $C800(A2),D1
00:0EA4  B0 41  CMP.W   D1,D0
00:0EA6  64 04  BCC     #$04 [00:0EAC]
00:0EAC  90 41  SUB.W   D1,D0
00:0EAE  72 00  MOVEQ   #$00,D1
00:0EB0  74 00  MOVEQ   #$00,D2
00:0EB2  12 2C  MOVE.B  $CB00(A4),D1
00:0EB6  14 2A  MOVE.B  $CB00(A2),D2
00:0EBA  D2 42  ADD.W   D2,D1
00:0EBC  90 41  SUB.W   D1,D0
00:0EBE  62 20  BHI     #$20 [00:0EE0]
00:0EE0  4E 75  RTS
00:0E6C  62 2A  BHI     #$2A [00:0E98]
00:0E98  4E 75  RTS
00:47A6  4E B8  JSR     ($0D76)
00:0D76  08 2C  BTST    #6,$D503(A4)
00:0D7C  66 06  BNE     #$06 [00:0D84]
00:0D7E  20 2A  MOVE.L  $D600(A2),D0
00:0D82  66 02  BNE     #$02 [00:0D86]
00:0D84  4E 75  RTS
00:47AA  60 00  BRA     #$019C [00:4948]
00:4948  4A 2C  TST.B   $D402(A4)
00:494C  66 14  BNE     #$14 [00:4962]
00:494E  08 2C  BTST    #2,$D503(A4)
00:4954  67 0C  BEQ     #$0C [00:4962]
00:4962  4E 75  RTS
00:42C8  4E F8  JMP     ($46D6)
00:46D6  4E B8  JSR     ($0B44)
00:46DA  4E B8  JSR     ($3FAC)
00:3FAC  47 F8  LEA     ($9754),A3
00:46DE  4E B8  JSR     ($3F58)
00:46E2  08 2C  BTST    #0,$C000(A4)
00:46E8  67 06  BEQ     #$06 [00:46F0]
00:46EA  4E B9  JSR     ($0000DD7C)
00:46F0  4E F8  JMP     ($2FD0)
00:2FD0  47 F8  LEA     ($9754),A3
00:2FD4  4E B8  JSR     ($0AB8)
00:2FD8  19 6C  MOVE.B  $CF00(A4),$D101(A4)
00:2FDE  39 6C  MOVE.W  $CF02(A4),$D102(A4)
00:2FE4  70 00  MOVEQ   #$00,D0
00:2FE6  19 40  MOVE.B  D0,$CF00(A4)
00:2FEA  39 40  MOVE.W  D0,$CF02(A4)
00:2FEE  4E B8  JSR     ($3AFC)
00:2FF2  4E B8  JSR     ($322E)
00:322E  4A 6C  TST.W   $CA00(A4)
00:3232  66 02  BNE     #$02 [00:3236]
00:3234  4E 75  RTS
00:2FF6  4E B8  JSR     ($303A)
00:2FFA  08 2C  BTST    #6,$CF00(A4)
00:3000  67 18  BEQ     #$18 [00:301A]
00:301A  4E B8  JSR     ($0AD6)
00:301E  4E B8  JSR     ($3C22)
00:3022  30 2C  MOVE.W  $C900(A4),D0
00:3026  90 6C  SUB.W   $D202(A4),D0
00:302A  6A 06  BPL     #$06 [00:3032]
00:3032  4E B8  JSR     ($3584)
00:3036  60 00  BRA     #$0060 [00:3098]
01:4660  4E B8  JSR     ($43BC)
00:43BC  61 E0  BSR     #$E0 [00:439E]
00:439E  10 2C  MOVE.B  $D503(A4),D0
00:43A2  6B 16  BMI     #$16 [00:43BA]
00:43A4  12 2C  MOVE.B  $DE01(A4),D1
00:43A8  6A 10  BPL     #$10 [00:43BA]
00:43BA  4E 75  RTS
00:43BE  6B 02  BMI     #$02 [00:43C2]
00:43C0  4E 75  RTS
01:4664  4E B8  JSR     ($44D6)
00:44D6  34 78  MOVE.W  ($A11C),A2
00:44DA  30 2A  MOVE.W  $C800(A2),D0
00:44DE  90 6C  SUB.W   $C800(A4),D0
00:44E2  6A 08  BPL     #$08 [00:44EC]
00:44E4  00 2C  ORI.B   #$08,$C002(A4)
00:44EA  4E 75  RTS
01:4668  53 2C  SUBQ.B  #1,$D800(A4)
01:466C  66 12  BNE     #$12 [01:4680]
01:4680  4E 75  RTS
01:3400  42 2C  CLR.B   $D503(A4)
01:3404  42 2C  CLR.B   $DE01(A4)
01:3408  42 6C  CLR.W   $DE02(A4)
01:340C  58 8C  ADDQ.L  #4,A4
01:340E  53 6E  SUBQ.W  #1,$FFFE(A6)
01:3412  66 B0  BNE     #$B0 [01:33C4]
00:48CC  08 2C  BTST    #0,$CE00(A4)
00:48D2  66 3A  BNE     #$3A [00:490E]
00:48D4  08 38  BTST    #5,($966B)
00:48DA  66 32  BNE     #$32 [00:490E]
00:48DC  70 06  MOVEQ   #$06,D0
00:48DE  C0 2C  AND.B   $CE00(A4),D0
00:48E2  67 04  BEQ     #$04 [00:48E8]
00:48E8  74 40  MOVEQ   #$40,D2
00:48EA  30 2C  MOVE.W  $C800(A4),D0
00:48EE  4E B8  JSR     ($0BD0)
00:48F2  6B 14  BMI     #$14 [00:4908]
00:48F4  74 30  MOVEQ   #$30,D2
00:48F6  30 2C  MOVE.W  $C900(A4),D0
00:48FA  4E B8  JSR     ($0BFE)
00:48FE  6B 08  BMI     #$08 [00:4908]
00:4900  4E 75  RTS
01:3414  4E 5E  ULNK    A6
01:3416  4E 75  RTS
00:9072  61 00  BSR     #$F7E6 [00:885A]
00:885A  20 38  MOVE.L  ($9628),D0
00:885E  67 44  BEQ     #$44 [00:88A4]
00:88A4  4A 78  TST.W   ($95F2)
00:88A8  67 08  BEQ     #$08 [00:88B2]
00:88B2  4E 75  RTS
00:9076  61 00  BSR     #$79A6 [01:0A1E]
01:0A1E  4E 56  LINK    A6,#$FFFE
01:0A22  38 7C  MOVE.W  #$0080,A4
01:0A26  3D 7C  MOVE.W  #$0010,$FFFE(A6)
01:0A2C  4A 6C  TST.W   $C000(A4)
01:0A30  6A 1C  BPL     #$1C [01:0A4E]
01:0A4E  58 4C  ADDQ.W  #4,A4
01:0A50  53 6E  SUBQ.W  #1,$FFFE(A6)
01:0A54  66 D6  BNE     #$D6 [01:0A2C]
01:0A56  4E 5E  ULNK    A6
01:0A58  4E 75  RTS
00:907A  61 00  BSR     #$2530 [00:B5AC]
00:B5AC  38 7C  MOVE.W  #$0000,A4
00:B5B0  70 0F  MOVEQ   #$0F,D0
00:B5B2  4A 2C  TST.B   $9A96(A4)
00:B5B6  6A 06  BPL     #$06 [00:B5BE]
00:B5BE  58 4C  ADDQ.W  #4,A4
00:B5C0  51 C8  DBFa    D0,#$FFF0 [01:B5B2]
00:B5C4  4E 75  RTS
00:907E  61 00  BSR     #$27E4 [00:B864]
00:B864  49 F8  LEA     ($9B96),A4
00:B868  47 F8  LEA     ($9754),A3
00:B86C  4A 14  TST.B   (A4)
00:B86E  6A 58  BPL     #$58 [00:B8C8]
00:B8C8  49 EC  LEA     $0008(A4),A4
00:B8CC  B8 F8  CMPA.W  ($9BB6),A4
00:B8D0  65 9A  BCS     #$9A [00:B86C]
00:B8D2  4E 75  RTS
00:9082  61 00  BSR     #$9C98 [00:2D1C]
00:2D1C  4A 38  TST.B   ($9BB6)
00:2D20  6A 06  BPL     #$06 [00:2D28]
00:2D28  4E 75  RTS
00:9086  61 00  BSR     #$375E [00:C7E6]
00:C7E6  61 00  BSR     #$F122 [00:B90A]
00:B90A  31 FC  MOVE.W  #$9BF4,($9C14)
00:B910  4E 75  RTS
00:C7EA  30 78  MOVE.W  ($9C14),A0
00:C7EE  20 DF  MOVE.L  (SP)+,(A0)+
00:C7F0  31 C8  MOVE.W  A0,($9C14)
00:C7F4  30 38  MOVE.W  ($9682),D0
00:C7F8  6B 00  BMI     #$000E [00:C808]
00:C808  61 00  BSR     #$E698 [00:AEA2]
00:AEA2  38 7C  MOVE.W  #$00E0,A4
00:AEA6  42 78  CLR.W   ($99FE)
00:AEAA  4A 2C  TST.B   $C000(A4)
00:AEAE  6A 0C  BPL     #$0C [00:AEBC]
00:AEBC  58 4C  ADDQ.W  #4,A4
00:AEBE  52 78  ADDQ.W  #1,($99FE)
00:AEC2  0C 78  CMPI.W  #$0008,($99FE)
00:AEC8  65 E0  BCS     #$E0 [00:AEAA]
00:AECA  4E 75  RTS
00:C80C  61 00  BSR     #$EB20 [00:B32E]
00:B32E  08 38  BTST    #3,($966B)
00:B334  67 5C  BEQ     #$5C [00:B392]
00:B392  4E 75  RTS
00:C810  61 00  BSR     #$0088 [00:C89A]
00:C89A  30 78  MOVE.W  ($9C14),A0
00:C89E  20 DF  MOVE.L  (SP)+,(A0)+
00:C8A0  31 C8  MOVE.W  A0,($9C14)
00:C8A4  4A 38  TST.B   ($9A00)
00:C8A8  6A 3E  BPL     #$3E [00:C8E8]
00:C8E8  32 78  MOVE.W  ($9C14),A1
00:C8EC  20 61  MOVE.L  -(A1),A0
00:C8EE  31 C9  MOVE.W  A1,($9C14)
00:C8F2  4E D0  JMP     (A0)
00:C814  4E B8  JSR     ($28AC)
00:28AC  38 7C  MOVE.W  #$0000,A4
00:28B0  4A 2C  TST.B   $9C34(A4)
00:28B4  6A 00  BPL     #$00B2 [00:2968]
00:2968  58 4C  ADDQ.W  #4,A4
00:296A  B8 FC  CMPA.W  #$0020,A4
00:296E  65 00  BCS     #$FF40 [00:28B0]
00:2972  4E 75  RTS
00:C818  4E B8  JSR     ($29B4)
00:29B4  36 7C  MOVE.W  #$0000,A3
00:29B8  38 78  MOVE.W  ($9EEE),A4
00:29BC  4A 2B  TST.B   $9E04(A3)
00:29C0  6A 00  BPL     #$009E [00:2A60]
00:29C4  30 2C  MOVE.W  $C800(A4),D0
00:29C8  90 6B  SUB.W   $9E38(A3),D0
00:29CC  65 26  BCS     #$26 [00:29F4]
00:29CE  B0 6B  CMP.W   $9E6C(A3),D0
00:29D2  64 20  BCC     #$20 [00:29F4]
00:29F4  02 2B  ANDI.B  #$FB,$9E04(A3)
00:29FA  08 2B  BTST    #1,$9E04(A3)
00:2A00  67 5E  BEQ     #$5E [00:2A60]
00:2A60  58 4B  ADDQ.W  #4,A3
00:2A62  B6 FC  CMPA.W  #$0010,A3
00:2A66  65 00  BCS     #$FF54 [00:29BC]
00:2A6A  4E 75  RTS
00:C81C  4A 78  TST.W   ($9A94)
00:C820  67 0A  BEQ     #$0A [00:C82C]
00:C82C  32 78  MOVE.W  ($9C14),A1
00:C830  20 61  MOVE.L  -(A1),A0
00:C832  31 C9  MOVE.W  A1,($9C14)
00:C836  4E D0  JMP     (A0)
00:908A  61 00  BSR     #$0C46 [00:9CD2]
00:9CD2  61 00  BSR     #$FA4C [00:9720]
00:9720  08 38  BTST    #5,($9659)
00:9726  66 00  BNE     #$00C6 [00:97EE]
00:972A  30 78  MOVE.W  ($9EEE),A0
00:972E  20 38  MOVE.L  ($985A),D0
00:9732  08 38  BTST    #0,($9858)
00:9738  66 52  BNE     #$52 [00:978C]
00:973A  20 28  MOVE.L  $C800(A0),D0
00:973E  04 80  SUBI.L  #$00800000,D0
00:9744  34 38  MOVE.W  ($9748),D2
00:9748  6A 0A  BPL     #$0A [00:9754]
00:974A  4A 78  TST.W   ($974A)
00:974E  67 3C  BEQ     #$3C [00:978C]
00:978C  D0 B8  ADD.L   ($9734),D0
00:9790  21 C0  MOVE.L  D0,($972C)
00:9794  22 38  MOVE.L  ($985E),D1
00:9798  08 38  BTST    #1,($9858)
00:979E  66 12  BNE     #$12 [00:97B2]
00:97A0  22 28  MOVE.L  $C900(A0),D1
00:97A4  74 00  MOVEQ   #$00,D2
00:97A6  14 28  MOVE.B  $CB03(A0),D2
00:97AA  04 42  SUBI.W  #$0070,D2
00:97AE  48 42  SWAP.W  D2
00:97B0  D2 82  ADD.L   D2,D1
00:97B2  24 38  MOVE.L  ($9738),D2
00:97B6  08 38  BTST    #3,($9858)
00:97BC  67 2A  BEQ     #$2A [00:97E8]
00:97E8  D2 82  ADD.L   D2,D1
00:97EA  21 C1  MOVE.L  D1,($9730)
00:97EE  4E 75  RTS
00:9CD6  47 F8  LEA     ($9754),A3
00:9CDA  61 0A  BSR     #$0A [00:9CE6]
00:9CE6  61 00  BSR     #$FF76 [00:9C5E]
00:9C5E  70 00  MOVEQ   #$00,D0
00:9C60  10 2B  MOVE.B  $0030(A3),D0
00:9C64  41 FA  LEA     $001A(PC),A0
00:9C68  D0 F0  ADDA.W  $00(A0,D0),A0
00:9C6C  4E 90  JSR     (A0)
00:9AA4  61 E8  BSR     #$E8 [00:9A8E]
00:9A8E  20 38  MOVE.L  ($972C),D0
00:9A92  12 2B  MOVE.B  $003A(A3),D1
00:9A96  34 2B  MOVE.W  $0024(A3),D2
00:9A9A  61 00  BSR     #$0028 [00:9AC4]
00:9AC4  04 80  SUBI.L  #$10000000,D0
00:9ACA  4A 01  TST.B   D1
00:9ACC  6B 04  BMI     #$04 [00:9AD2]
00:9ACE  E2 A0  ASR.L   D1,D0
00:9AD0  60 06  BRA     #$06 [00:9AD8]
00:9AD8  06 80  ADDI.L  #$10000000,D0
00:9ADE  48 40  SWAP.W  D0
00:9AE0  0C 40  CMPI.W  #$1000,D0
00:9AE4  64 04  BCC     #$04 [00:9AEA]
00:9AEA  B0 42  CMP.W   D2,D0
00:9AEC  63 02  BLS     #$02 [00:9AF0]
00:9AF0  4E 75  RTS
00:9A9E  37 40  MOVE.W  D0,$0004(A3)
00:9AA2  4E 75  RTS
00:9AA6  60 00  BRA     #$026E [00:9D16]
00:9D16  30 2B  MOVE.W  $0004(A3),D0
00:9D1A  44 40  NEG.W   D0
00:9D1C  02 40  ANDI.W  #$01FF,D0
00:9D20  37 40  MOVE.W  D0,$003C(A3)
00:9D24  08 13  BTST    #0,(A3)
00:9D28  66 1A  BNE     #$1A [00:9D44]
00:9D2A  30 2B  MOVE.W  $0004(A3),D0
00:9D2E  32 00  MOVE.W  D0,D1
00:9D30  92 78  SUB.W   ($9744),D1
00:9D34  31 C1  MOVE.W  D1,($9740)
00:9D38  31 C0  MOVE.W  D0,($9744)
00:9D3C  04 40  SUBI.W  #$0080,D0
00:9D40  31 C0  MOVE.W  D0,($8B34)
00:9D44  4E 75  RTS
00:9C6E  70 00  MOVEQ   #$00,D0
00:9C70  10 2B  MOVE.B  $0031(A3),D0
00:9C74  41 FA  LEA     $0014(PC),A0
00:9C78  D0 F0  ADDA.W  $00(A0,D0),A0
00:9C7C  4E 90  JSR     (A0)
00:9D0A  4E 75  RTS
00:9C7E  4E 75  RTS
00:9CEA  70 00  MOVEQ   #$00,D0
00:9CEC  10 2B  MOVE.B  $0032(A3),D0
00:9CF0  41 FA  LEA     $001A(PC),A0
00:9CF4  D0 F0  ADDA.W  $00(A0,D0),A0
00:9CF8  4E 90  JSR     (A0)
00:9D46  4E 56  LINK    A6,#$FFFA
00:9D4A  30 2B  MOVE.W  $0004(A3),D0
00:9D4E  34 00  MOVE.W  D0,D2
00:9D50  E8 40  ASR.W   #4,D0
00:9D52  3C 2B  MOVE.W  $0008(A3),D6
00:9D56  B0 46  CMP.W   D6,D0
00:9D58  65 40  BCS     #$40 [00:9D9A]
00:9D5A  02 42  ANDI.W  #$000F,D2
00:9D5E  57 C2  STEQ    D2 [00:9D22]
00:9D60  72 11  MOVEQ   #$11,D1
00:9D62  D2 02  ADD.B   D2,D1
00:9D64  34 00  MOVE.W  D0,D2
00:9D66  D4 41  ADD.W   D1,D2
00:9D68  DC 6B  ADD.W   $000A(A3),D6
00:9D6C  94 46  SUB.W   D6,D2
00:9D6E  63 00  BLS     #$0054 [00:9DC4]
00:9DC4  4E 5E  ULNK    A6
00:9DC6  4E 75  RTS
00:9CFA  70 00  MOVEQ   #$00,D0
00:9CFC  10 2B  MOVE.B  $0033(A3),D0
00:9D00  41 FA  LEA     $000E(PC),A0
00:9D04  D0 F0  ADDA.W  $00(A0,D0),A0
00:9D08  4E 90  JSR     (A0)
00:9E60  4E 56  LINK    A6,#$FFFA
00:9E64  30 2B  MOVE.W  $0006(A3),D0
00:9E68  34 00  MOVE.W  D0,D2
00:9E6A  02 40  ANDI.W  #$FFF0,D0
00:9E6E  E5 40  ASL.W   #2,D0
00:9E70  3E 2B  MOVE.W  $000C(A3),D7
00:9E74  B0 47  CMP.W   D7,D0
00:9E76  65 46  BCS     #$46 [00:9EBE]
00:9E78  32 3C  MOVE.W  #$0280,D1
00:9E7C  02 42  ANDI.W  #$000F,D2
00:9E80  67 04  BEQ     #$04 [00:9E86]
00:9E86  34 00  MOVE.W  D0,D2
00:9E88  D4 41  ADD.W   D1,D2
00:9E8A  DE 6B  ADD.W   $000E(A3),D7
00:9E8E  94 47  SUB.W   D7,D2
00:9E90  63 00  BLS     #$005A [00:9EEC]
00:9EEC  4E 5E  ULNK    A6
00:9EEE  4E 75  RTS
00:9CDC  47 F8  LEA     ($97D4),A3
00:9CE0  61 04  BSR     #$04 [00:9CE6]
00:9CE2  61 AE  BSR     #$AE [00:9C92]
00:9C92  30 38  MOVE.W  ($9790),D0
00:9C96  D0 78  ADD.W   ($973C),D0
00:9C9A  33 C0  MOVE.W  D0,($00FF2400)
00:9CA0  30 38  MOVE.W  ($9792),D0
00:9CA4  D0 78  ADD.W   ($973E),D0
00:9CA8  33 C0  MOVE.W  D0,($FFFF8A8C)
00:9CAE  30 38  MOVE.W  ($9810),D0
00:9CB2  D0 78  ADD.W   ($973C),D0
00:9CB6  33 C0  MOVE.W  D0,($00FF2600)
00:9CBC  30 38  MOVE.W  ($9812),D0
00:9CC0  D0 78  ADD.W   ($973E),D0
00:9CC4  33 C0  MOVE.W  D0,($FFFF8AB4)
00:9CCA  00 38  ORI.B   #$08,($8006)
00:9CD0  4E 75  RTS
00:9CE4  4E 75  RTS
00:908E  4A 78  TST.W   ($965C)
00:9092  67 0A  BEQ     #$0A [00:909E]
00:909E  38 78  MOVE.W  ($9EEE),A4
00:90A2  61 00  BSR     #$1334 [00:A3D8]
00:A3D8  08 38  BTST    #6,($9659)
00:A3DE  66 1E  BNE     #$1E [00:A3FE]
00:A3E0  08 B8  BCLR    #0,($9966)
00:A3E6  66 04  BNE     #$04 [00:A3EC]
00:A3E8  42 38  CLR.B   ($9980)
00:A3EC  08 B8  BCLR    #1,($9966)
00:A3F2  66 04  BNE     #$04 [00:A3F8]
00:A3F4  42 38  CLR.B   ($9981)
00:A3F8  20 38  MOVE.L  ($996C),D0
00:A3FC  66 02  BNE     #$02 [00:A400]
00:A400  24 40  MOVE.L  D0,A2
00:A402  31 FC  MOVE.W  #$1000,($9978)
00:A408  31 FC  MOVE.W  #$1000,($997A)
00:A40E  70 10  MOVEQ   #$10,D0
00:A410  31 C0  MOVE.W  D0,($9974)
00:A414  31 C0  MOVE.W  D0,($9976)
00:A418  70 00  MOVEQ   #$00,D0
00:A41A  10 1A  MOVE.B  (A2)+,D0
00:A41C  0C 00  CMPI.B  #$C0,D0
00:A420  65 40  BCS     #$40 [00:A462]
00:A422  0C 00  CMPI.B  #$D0,D0
00:A426  64 0E  BCC     #$0E [00:A436]
00:A436  0C 00  CMPI.B  #$E0,D0
00:A43A  64 0E  BCC     #$0E [00:A44A]
00:A44A  02 40  ANDI.W  #$001F,D0
00:A44E  D0 40  ADD.W   D0,D0
00:A450  41 FA  LEA     $003E(PC),A0
00:A454  D0 F0  ADDA.W  $00(A0,D0),A0
00:A458  4E 90  JSR     (A0)
00:AB32  10 1A  MOVE.B  (A2)+,D0
00:AB34  14 1A  MOVE.B  (A2)+,D2
00:AB36  E1 4A  LSL.W   #8,D2
00:AB38  14 1A  MOVE.B  (A2)+,D2
00:AB3A  4E B8  JSR     ($274C)
00:274C  61 EA  BSR     #$EA [00:2738]
00:2738  72 00  MOVEQ   #$00,D1
00:273A  12 00  MOVE.B  D0,D1
00:273C  E6 49  LSR.W   #3,D1
00:273E  41 F8  LEA     ($99BE),A0
00:2742  D0 C1  ADDA.W  D1,A0
00:2744  12 00  MOVE.B  D0,D1
00:2746  02 41  ANDI.W  #$0007,D1
00:274A  4E 75  RTS
00:274E  03 10  BTST    D1,(A0)
00:2750  4E 75  RTS
00:AB3E  67 04  BEQ     #$04 [00:AB44]
00:AB40  45 F2  LEA     $FE(A2,D2),A2
00:AB44  4E 75  RTS
00:A45A  4A 78  TST.W   ($9962)
00:A45E  67 B8  BEQ     #$B8 [00:A418]
00:AB1A  10 1A  MOVE.B  (A2)+,D0
00:AB1C  4E B8  JSR     ($2758)
00:2758  72 00  MOVEQ   #$00,D1
00:275A  12 00  MOVE.B  D0,D1
00:275C  02 40  ANDI.W  #$0007,D0
00:2760  41 F8  LEA     ($9992),A0
00:2764  E6 49  LSR.W   #3,D1
00:2766  0A 41  EORI.W  #$0001,D1
00:276A  4E 75  RTS
00:AB20  14 1A  MOVE.B  (A2)+,D2
00:AB22  E1 4A  LSL.W   #8,D2
00:AB24  14 1A  MOVE.B  (A2)+,D2
00:AB26  01 30  BTST    D0,$00(A0,D1)
00:AB2A  67 04  BEQ     #$04 [00:AB30]
00:AB2C  45 F2  LEA     $FE(A2,D2),A2
00:AB30  4E 75  RTS
00:A462  D0 40  ADD.W   D0,D0
00:A464  41 FA  LEA     $006A(PC),A0
00:A468  D0 F0  ADDA.W  $00(A0,D0),A0
00:A46C  4E D0  JMP     (A0)
00:A562  61 00  BSR     #$03B0 [00:A914]
00:A914  10 12  MOVE.B  (A2),D0
00:A916  12 00  MOVE.B  D0,D1
00:A918  02 40  ANDI.W  #$000F,D0
00:A91C  E9 48  LSL.W   #4,D0
00:A91E  D0 78  ADD.W   ($9978),D0
00:A922  02 41  ANDI.W  #$00F0,D1
00:A926  D2 78  ADD.W   ($997A),D1
00:A92A  4E 75  RTS
00:A566  58 40  ADDQ.W  #4,D0
00:A568  34 2C  MOVE.W  $C800(A4),D2
00:A56C  94 40  SUB.W   D0,D2
00:A56E  65 00  BCS     #$FEFE [00:A46E]
00:A572  30 38  MOVE.W  ($9974),D0
00:A576  51 40  SUBQ.W  #8,D0
00:A578  94 40  SUB.W   D0,D2
00:A57A  64 00  BCC     #$FEF2 [00:A46E]
00:A46E  70 00  MOVEQ   #$00,D0
00:A470  10 2A  MOVE.B  $FFFF(A2),D0
00:A474  10 3B  MOVE.B  $0A(PC,D0),D0
00:A478  D4 C0  ADDA.W  D0,A2
00:A47A  60 00  BRA     #$FF92 [00:A40E]
00:A9DA  12 1A  MOVE.B  (A2)+,D1
00:A9DC  E9 49  LSL.W   #4,D1
00:A9DE  70 00  MOVEQ   #$00,D0
00:A9E0  10 01  MOVE.B  D1,D0
00:A9E2  02 41  ANDI.W  #$0F00,D1
00:A9E6  06 41  ADDI.W  #$0F00,D1
00:A9EA  31 C1  MOVE.W  D1,($9978)
00:A9EE  04 40  SUBI.W  #$0010,D0
00:A9F2  32 00  MOVE.W  D0,D1
00:A9F4  D0 40  ADD.W   D0,D0
00:A9F6  D0 41  ADD.W   D1,D0
00:A9F8  E5 40  ASL.W   #2,D0
00:A9FA  06 40  ADDI.W  #$1000,D0
00:A9FE  31 C0  MOVE.W  D0,($997A)
00:AA02  4E 75  RTS
00:A43C  02 40  ANDI.W  #$000F,D0
00:A440  52 40  ADDQ.W  #1,D0
00:A442  E9 48  LSL.W   #4,D0
00:A444  31 C0  MOVE.W  D0,($9976)
00:A448  60 CE  BRA     #$CE [00:A418]
00:A506  61 00  BSR     #$0424 [00:A92C]
00:A92C  12 12  MOVE.B  (A2),D1
00:A92E  70 0F  MOVEQ   #$0F,D0
00:A930  C0 41  AND.W   D1,D0
00:A932  E9 48  LSL.W   #4,D0
00:A934  D0 78  ADD.W   ($9978),D0
00:A938  34 2C  MOVE.W  $C800(A4),D2
00:A93C  94 40  SUB.W   D0,D2
00:A93E  65 1C  BCS     #$1C [00:A95C]
00:A940  B4 78  CMP.W   ($9974),D2
00:A944  64 14  BCC     #$14 [00:A95A]
00:A95A  4E 75  RTS
00:A50A  64 00  BCC     #$FF62 [00:A46E]
00:A95C  02 3C  ANDI.B  #$FE,#$75
00:A960  4E 75  RTS
00:A8B4  1E 12  MOVE.B  (A2),D7
00:A8B6  E1 4F  LSL.W   #8,D7
00:A8B8  1E 2A  MOVE.B  $0001(A2),D7
00:A8BC  61 00  BSR     #$00D2 [00:A990]
00:A990  30 07  MOVE.W  D7,D0
00:A992  E9 48  LSL.W   #4,D0
00:A994  20 79  MOVE.L  ($0001CC08),A0
00:A99A  76 20  MOVEQ   #$20,D3
00:A99C  4A 30  TST.B   $07(A0,D0)
00:A9A0  67 02  BEQ     #$02 [00:A9A4]
00:A9A4  32 03  MOVE.W  D3,D1
00:A9A6  E2 49  LSR.W   #1,D1
00:A9A8  D2 30  ADD.B   $04(A0,D0),D1
00:A9AC  D2 70  ADD.W   $00(A0,D0),D1
00:A9B0  92 6C  SUB.W   $C800(A4),D1
00:A9B4  6A 02  BPL     #$02 [00:A9B8]
00:A9B6  44 41  NEG.W   D1
00:A9B8  59 41  SUBQ.W  #4,D1
00:A9BA  64 1A  BCC     #$1A [00:A9D6]
00:A9D6  70 FF  MOVEQ   #$FF,D0
00:A9D8  4E 75  RTS
00:A8C0  66 00  BNE     #$FBAC [00:A46E]
00:ABB8  58 8F  ADDQ.L  #4,SP
00:ABBA  70 00  MOVEQ   #$00,D0
00:ABBC  4E 75  RTS
00:90A6  30 38  MOVE.W  ($9962),D0
00:90AA  66 00  BNE     #$013E [00:91EA]
00:90AE  4A 38  TST.B   ($9F05)
00:90B2  66 00  BNE     #$FF48 [00:8FFC]
00:90B6  08 38  BTST    #7,($9F0D)
00:90BC  67 00  BEQ     #$FF3E [00:8FFC]
00:8FFC  4A 78  TST.W   ($9686)
00:9000  6B 08  BMI     #$08 [00:900A]
00:900A  08 B8  BCLR    #0,($9659)
00:9010  52 78  ADDQ.W  #1,($965A)
00:9014  21 CF  MOVE.L  SP,($9662)
00:9018  4E B8  JSR     ($0400)
00:0400  3A 78  MOVE.W  ($8A4C),A5
00:0404  20 5F  MOVE.L  (SP)+,A0
00:0406  2B 48  MOVE.L  A0,$000C(A5)
00:040A  4E 75  RTS
00:4BEC  61 00  BSR     #$07BC [00:53AA]
00:53AA  41 F8  LEA     ($8AE8),A0
00:53AE  70 FF  MOVEQ   #$FF,D0
00:53B0  72 0F  MOVEQ   #$0F,D1
00:53B2  20 C0  MOVE.L  D0,(A0)+
00:53B4  51 C9  DBFa    D1,#$FFFC [01:53B2]
00:53B8  38 7C  MOVE.W  #$0000,A4
00:53BC  02 2C  ANDI.B  #$FE,$C000(A4)
00:53C2  10 2C  MOVE.B  $C000(A4),D0
00:53C6  02 00  ANDI.B  #$C0,D0
00:53CA  0C 00  CMPI.B  #$C0,D0
00:53CE  66 40  BNE     #$40 [00:5410]
00:53D0  08 AC  BCLR    #7,$C003(A4)
00:53D6  66 0A  BNE     #$0A [00:53E2]
00:53E2  08 2C  BTST    #2,$C003(A4)
00:53E8  66 26  BNE     #$26 [00:5410]
00:53EA  39 7C  MOVE.W  #$FFFF,$C702(A4)
00:53F0  10 2C  MOVE.B  $C303(A4),D0
00:53F4  48 80  EXT.W   D0
00:53F6  41 F8  LEA     ($8AE8),A0
00:53FA  32 30  MOVE.W  $00(A0,D0),D1
00:53FE  6A 06  BPL     #$06 [00:5406]
00:5400  31 8C  MOVE.W  A4,$20(A0,D0)
00:5404  60 06  BRA     #$06 [00:540C]
00:540C  31 8C  MOVE.W  A4,$00(A0,D0)
00:5410  58 4C  ADDQ.W  #4,A4
00:5412  B8 FC  CMPA.W  #$0100,A4
00:5416  65 A4  BCS     #$A4 [00:53BC]
00:53D8  4E B8  JSR     ($080E)
00:53DC  02 2C  ANDI.B  #$7F,$C003(A4)
00:5406  32 41  MOVE.W  D1,A1
00:5408  33 4C  MOVE.W  A4,$C702(A1)
00:5418  31 FC  MOVE.W  #$0180,($8B2E)
00:541E  31 FC  MOVE.W  #$0080,($8B28)
00:5424  31 FC  MOVE.W  #$0160,($8B2A)
00:542A  11 FC  MOVE.B  #$00,($8B30)
00:5430  11 FC  MOVE.B  #$40,($8B31)
00:5436  47 F9  LEA     ($00FF2800),A3
00:543C  45 F8  LEA     ($8B08),A2
00:5440  11 FC  MOVE.B  #$02,($8B32)
00:5446  11 FC  MOVE.B  #$10,($8B33)
00:544C  30 1A  MOVE.W  (A2)+,D0
00:544E  6B 0C  BMI     #$0C [00:545C]
00:545C  53 38  SUBQ.B  #1,($8B32)
00:5460  66 46  BNE     #$46 [00:54A8]
00:54A8  53 38  SUBQ.B  #1,($8B33)
00:54AC  66 9E  BNE     #$9E [00:544C]
00:5462  0C 38  CMPI.B  #$03,($8B31)
00:5468  65 44  BCS     #$44 [00:54AE]
00:546A  30 38  MOVE.W  ($8AE4),D0
00:546E  67 38  BEQ     #$38 [00:54A8]
00:5470  34 00  MOVE.W  D0,D2
00:5472  48 40  SWAP.W  D0
00:5474  30 3C  MOVE.W  #$0300,D0
00:5478  10 38  MOVE.B  ($8B30),D0
00:547C  52 00  ADDQ.B  #1,D0
00:547E  26 C0  MOVE.L  D0,(A3)+
00:5480  72 10  MOVEQ   #$10,D1
00:5482  26 C1  MOVE.L  D1,(A3)+
00:5484  52 00  ADDQ.B  #1,D0
00:5486  26 C0  MOVE.L  D0,(A3)+
00:5488  72 00  MOVEQ   #$00,D1
00:548A  26 C1  MOVE.L  D1,(A3)+
00:548C  11 C0  MOVE.B  D0,($8B30)
00:5490  55 38  SUBQ.B  #2,($8B31)
00:5494  4A 38  TST.B   ($8A77)
00:5498  6B 0A  BMI     #$0A [00:54A4]
00:549A  06 42  ADDI.W  #$0020,D2
00:549E  31 C2  MOVE.W  D2,($8B28)
00:54A2  60 04  BRA     #$04 [00:54A8]
00:5450  38 40  MOVE.W  D0,A4
00:5452  61 70  BSR     #$70 [00:54C4]
00:54C4  41 F8  LEA     ($8B34),A0
00:54C8  D0 EC  ADDA.W  $C200(A4),A0
00:54CC  34 2C  MOVE.W  $C800(A4),D2
00:54D0  94 58  SUB.W   (A0)+,D2
00:54D2  36 2C  MOVE.W  $C900(A4),D3
00:54D6  96 58  SUB.W   (A0)+,D3
00:54D8  32 2C  MOVE.W  $C002(A4),D1
00:54DC  02 41  ANDI.W  #$F800,D1
00:54E0  70 00  MOVEQ   #$00,D0
00:54E2  08 2C  BTST    #3,$C003(A4)
00:54E8  66 04  BNE     #$04 [00:54EE]
00:54EA  30 2C  MOVE.W  $C202(A4),D0
00:54EE  31 C0  MOVE.W  D0,($8B50)
00:54F2  20 6C  MOVE.L  $C100(A4),A0
00:54F6  1C 18  MOVE.B  (A0)+,D6
00:54F8  6B 00  BMI     #$0082 [00:557C]
00:54FC  48 86  EXT.W   D6
00:54FE  1A 18  MOVE.B  (A0)+,D5
00:5500  E1 4D  LSL.W   #8,D5
00:5502  1A 18  MOVE.B  (A0)+,D5
00:5504  B3 45  EOR.W   D1,D5
00:5506  DA 78  ADD.W   ($8B50),D5
00:550A  48 45  SWAP.W  D5
00:550C  1A 18  MOVE.B  (A0)+,D5
00:550E  18 18  MOVE.B  (A0)+,D4
00:5510  DC 46  ADD.W   D6,D6
00:5512  30 06  MOVE.W  D6,D0
00:5514  02 40  ANDI.W  #$0018,D0
00:5518  50 40  ADDQ.W  #8,D0
00:551A  48 85  EXT.W   D5
00:551C  08 01  BTST    #11,D1
00:5520  67 04  BEQ     #$04 [00:5526]
00:5522  44 45  NEG.W   D5
00:5524  9A 40  SUB.W   D0,D5
00:5526  DA 42  ADD.W   D2,D5
00:5528  BA 78  CMP.W   ($8B2E),D5
00:552C  64 C8  BCC     #$C8 [00:54F6]
00:552E  D0 45  ADD.W   D5,D0
00:5530  0C 40  CMPI.W  #$0080,D0
00:5534  65 C0  BCS     #$C0 [00:54F6]
00:5536  E5 4E  LSL.W   #2,D6
00:5538  30 06  MOVE.W  D6,D0
00:553A  02 40  ANDI.W  #$0018,D0
00:553E  50 40  ADDQ.W  #8,D0
00:5540  48 84  EXT.W   D4
00:5542  08 01  BTST    #12,D1
00:5546  67 04  BEQ     #$04 [00:554C]
00:554C  D8 43  ADD.W   D3,D4
00:554E  B8 78  CMP.W   ($8B2A),D4
00:5552  64 A2  BCC     #$A2 [00:54F6]
00:5554  D0 44  ADD.W   D4,D0
00:5556  B0 78  CMP.W   ($8B28),D0
00:555A  65 9A  BCS     #$9A [00:54F6]
00:555C  36 C4  MOVE.W  D4,(A3)+
00:555E  EB 4E  LSL.W   #5,D6
00:5560  1C 38  MOVE.B  ($8B30),D6
00:5564  52 06  ADDQ.B  #1,D6
00:5566  11 C6  MOVE.B  D6,($8B30)
00:556A  36 C6  MOVE.W  D6,(A3)+
00:556C  26 C5  MOVE.L  D5,(A3)+
00:556E  00 2C  ORI.B   #$01,$C000(A4)
00:5574  53 38  SUBQ.B  #1,($8B31)
00:5578  66 00  BNE     #$FF7C [00:54F6]
00:557C  4E 75  RTS
00:5454  67 64  BEQ     #$64 [00:54BA]
00:5456  30 2C  MOVE.W  $C702(A4),D0
00:545A  6A F4  BPL     #$F4 [00:5450]
00:54AE  4A 38  TST.B   ($8B30)
00:54B2  66 06  BNE     #$06 [00:54BA]
00:54BA  42 2B  CLR.B   $FFFB(A3)
00:54BE  21 CB  MOVE.L  A3,($8B52)
00:54C2  4E 75  RTS
00:4BF0  61 0E  BSR     #$0E [00:4C00]
00:4C00  08 38  BTST    #6,($8A5D)
00:4C06  67 52  BEQ     #$52 [00:4C5A]
00:4C08  0C 38  CMPI.B  #$10,($8A49)
00:4C0E  64 4A  BCC     #$4A [00:4C5A]
00:4C10  70 00  MOVEQ   #$00,D0
00:4C12  10 38  MOVE.B  ($8A4A),D0
00:4C16  EF 40  ASL.W   #7,D0
00:4C18  06 40  ADDI.W  #$8248,D0
00:4C1C  3A 40  MOVE.W  D0,A5
00:4C1E  11 FC  MOVE.B  #$10,($8A4B)
00:4C24  30 39  MOVE.W  ($00C00004),D0
00:4C2A  02 40  ANDI.W  #$0008,D0
00:4C2E  66 28  BNE     #$28 [00:4C58]
00:4C30  30 39  MOVE.W  ($00C00008),D0
00:4C36  02 40  ANDI.W  #$FF00,D0
00:4C3A  34 00  MOVE.W  D0,D2
00:4C3C  30 39  MOVE.W  ($00C00008),D0
00:4C42  02 40  ANDI.W  #$FF00,D0
00:4C46  B4 40  CMP.W   D0,D2
00:4C48  66 F0  BNE     #$F0 [00:4C3A]
00:4C4A  0C 42  CMPI.W  #$D000,D2
00:4C4E  64 08  BCC     #$08 [00:4C58]
00:4C50  61 1C  BSR     #$1C [00:4C6E]
00:4C6E  42 38  CLR.B   ($8A49)
00:4C72  10 15  MOVE.B  (A5),D0
00:4C74  02 00  ANDI.B  #$80,D0
00:4C78  67 14  BEQ     #$14 [00:4C8E]
00:4C8E  4B ED  LEA     $0080(A5),A5
00:4C92  52 38  ADDQ.B  #1,($8A4A)
00:4C96  0C 38  CMPI.B  #$10,($8A4A)
00:4C9C  65 08  BCS     #$08 [00:4CA6]
00:4CA6  4E 75  RTS
00:4C52  53 38  SUBQ.B  #1,($8A4B)
00:4C56  66 CC  BNE     #$CC [00:4C24]
00:4C9E  42 38  CLR.B   ($8A4A)
00:4CA2  4B F8  LEA     ($8248),A5
00:4C7A  31 CD  MOVE.W  A5,($8A4C)
00:4C7E  20 6D  MOVE.L  $000C(A5),A0
00:4C82  11 F8  MOVE.B  ($8A4A),($8A48)
00:4C88  4E 90  JSR     (A0)
00:560C  08 38  BTST    #2,($8C56)
00:5612  66 42  BNE     #$42 [00:5656]
00:5614  61 00  BSR     #$00A8 [00:56BE]
00:56BE  70 00  MOVEQ   #$00,D0
00:56C0  41 F8  LEA     ($8C58),A0
00:56C4  4A 10  TST.B   (A0)
00:56C6  6B 0A  BMI     #$0A [00:56D2]
00:56C8  41 E8  LEA     $0010(A0),A0
00:56CC  51 C8  DBFa    D0,#$FFF6 [01:56C4]
00:56D0  4E 75  RTS
00:5618  08 38  BTST    #5,($8C56)
00:561E  67 1E  BEQ     #$1E [00:563E]
00:563E  4A 38  TST.B   ($8C57)
00:5642  66 0A  BNE     #$0A [00:564E]
00:5644  70 41  MOVEQ   #$41,D0
00:5646  C0 38  AND.B   ($8C56),D0
00:564A  53 00  SUBQ.B  #1,D0
00:564C  67 04  BEQ     #$04 [00:5652]
00:5652  60 00  BRA     #$0146 [00:579A]
00:579A  45 F8  LEA     ($8C68),A2
00:579E  70 00  MOVEQ   #$00,D0
00:57A0  18 12  MOVE.B  (A2),D4
00:57A2  6A 6E  BPL     #$6E [00:5812]
00:5812  5C 4A  ADDQ.W  #6,A2
00:5814  51 C8  DBFa    D0,#$FF8A [01:57A0]
00:5818  4E 75  RTS
00:4C8A  3A 78  MOVE.W  ($8A4C),A5
00:4C58  4E 75  RTS
00:4BF2  61 00  BSR     #$B7C4 [00:03B8]
00:03B8  52 B8  ADDQ.L  #1,($8002)
00:03BC  52 B8  ADDQ.L  #1,($8A56)
00:03C0  10 38  MOVE.B  ($8A5D),D0
00:03C4  12 38  MOVE.B  ($8A7E),D1
00:03C8  B1 01  EOR.B   D0,D1
00:03CA  02 01  ANDI.B  #$40,D1
00:03CE  66 06  BNE     #$06 [00:03D6]
00:03D0  02 00  ANDI.B  #$40,D0
00:03D4  67 28  BEQ     #$28 [00:03FE]
00:03D6  02 38  ANDI.B  #$FE,($8006)
00:03DC  08 38  BTST    #0,($8006)
00:03E2  67 F8  BEQ     #$F8 [00:03DC]
00:4B5C  52 39  ADDQ.B  #1,($FFFF8A49)
00:4B62  00 38  ORI.B   #$01,($8006)
00:4B68  4E 73  RTE
00:03E4  4E B9  JSR     ($00005262)
00:5262  61 00  BSR     #$003A [00:529E]
00:529E  08 B8  BCLR    #3,($8006)
00:52A4  66 02  BNE     #$02 [00:52A8]
00:52A8  61 00  BSR     #$0030 [00:52DA]
00:52DA  30 38  MOVE.W  ($8A6A),D0
00:52DE  4E B8  JSR     ($05A0)
00:05A0  E5 80  ASL.L   #2,D0
00:05A2  E4 48  LSR.W   #2,D0
00:05A4  00 40  ORI.W   #$4000,D0
00:05A8  48 40  SWAP.W  D0
00:05AA  02 40  ANDI.W  #$0003,D0
00:05AE  23 C0  MOVE.L  D0,($00C00004)
00:05B4  4E 75  RTS
00:52E2  70 00  MOVEQ   #$00,D0
00:52E4  72 00  MOVEQ   #$00,D1
00:52E6  74 00  MOVEQ   #$00,D2
00:52E8  36 3C  MOVE.W  #$0200,D3
00:52EC  41 F9  LEA     ($00FF2400),A0
00:52F2  43 F9  LEA     ($00FF2600),A1
00:52F8  78 03  MOVEQ   #$03,D4
00:52FA  C8 38  AND.B   ($8A5F),D4
00:52FE  67 14  BEQ     #$14 [00:5314]
00:5314  45 F9  LEA     ($00C00000),A2
00:531A  34 B0  MOVE.W  $00(A0,D0),(A2)
00:531E  34 B1  MOVE.W  $00(A1,D1),(A2)
00:5322  54 40  ADDQ.W  #2,D0
00:5324  B0 43  CMP.W   D3,D0
00:5326  65 02  BCS     #$02 [00:532A]
00:532A  54 41  ADDQ.W  #2,D1
00:532C  B0 43  CMP.W   D3,D0
00:532E  65 02  BCS     #$02 [00:5332]
00:5332  51 CA  DBFa    D2,#$FFE6 [01:531A]
00:5336  4E 75  RTS
00:52AC  23 FC  MOVE.L  #$40000010,($00C00004)
00:52B6  70 00  MOVEQ   #$00,D0
00:52B8  72 00  MOVEQ   #$00,D1
00:52BA  74 00  MOVEQ   #$00,D2
00:52BC  76 28  MOVEQ   #$28,D3
00:52BE  41 F8  LEA     ($8A8C),A0
00:52C2  43 F8  LEA     ($8AB4),A1
00:52C6  08 38  BTST    #2,($8A5F)
00:52CC  67 46  BEQ     #$46 [00:5314]
00:5266  61 00  BSR     #$00D0 [00:5338]
00:5338  08 B8  BCLR    #2,($8006)
00:533E  67 2E  BEQ     #$2E [00:536E]
00:536E  4E 75  RTS
00:526A  61 00  BSR     #$0312 [00:557E]
00:557E  43 F9  LEA     ($00C00000),A1
00:5584  23 7C  MOVE.L  #$50000003,$0004(A1)
00:558C  41 F9  LEA     ($00FF2800),A0
00:5592  30 3C  MOVE.W  #$009F,D0
00:5596  22 98  MOVE.L  (A0)+,(A1)
00:5598  51 C8  DBFa    D0,#$FFFC [01:5596]
00:559C  4E 75  RTS
00:526E  61 00  BSR     #$FF56 [00:51C6]
00:51C6  33 FC  MOVE.W  #$0100,($00A11100)
00:51CE  08 39  BTST    #0,($00A11100)
00:51D6  66 F6  BNE     #$F6 [00:51CE]
00:51D8  41 F9  LEA     ($00A10003),A0
00:51DE  43 F8  LEA     ($8A7F),A1
00:51E2  61 32  BSR     #$32 [00:5216]
00:5216  13 51  MOVE.B  (A1),$0001(A1)
00:521A  10 BC  MOVE.B  #$00,(A0)
00:521E  4E 71  NOP
00:5220  4E 71  NOP
00:5222  10 10  MOVE.B  (A0),D0
00:5224  46 00  NOT.B   D0
00:5226  E5 00  ASL.B   #2,D0
00:5228  02 00  ANDI.B  #$C0,D0
00:522C  12 80  MOVE.B  D0,(A1)
00:522E  10 BC  MOVE.B  #$40,(A0)
00:5232  4E 71  NOP
00:5234  4E 71  NOP
00:5236  10 10  MOVE.B  (A0),D0
00:5238  46 00  NOT.B   D0
00:523A  02 00  ANDI.B  #$3F,D0
00:523E  81 11  OR.B    D0;(A1)
00:5240  12 11  MOVE.B  (A1),D1
00:5242  10 29  MOVE.B  $0001(A1),D0
00:5246  B3 00  EOR.B   D1,D0
00:5248  C0 01  AND.B   D1,D0
00:524A  13 40  MOVE.B  D0,$0002(A1)
00:524E  4E 75  RTS
00:51E4  41 F9  LEA     ($00A10005),A0
00:51EA  43 F8  LEA     ($8A82),A1
00:51EE  61 26  BSR     #$26 [00:5216]
00:51F0  33 FC  MOVE.W  #$0000,($00A11100)
00:51F8  08 38  BTST    #0,($8A7D)
00:51FE  66 04  BNE     #$04 [00:5204]
00:5200  43 F8  LEA     ($8A7F),A1
00:5204  4A 38  TST.B   ($8A50)
00:5208  6B 0A  BMI     #$0A [00:5214]
00:520A  11 F8  MOVE.B  ($8A7A),($8A7B)
00:5210  11 D1  MOVE.B  (A1),($8A7A)
00:5214  4E 75  RTS
00:5272  61 DC  BSR     #$DC [00:5250]
00:5250  12 38  MOVE.B  ($8A7A),D1
00:5254  10 38  MOVE.B  ($8A7B),D0
00:5258  B3 00  EOR.B   D1,D0
00:525A  C0 01  AND.B   D1,D0
00:525C  11 C0  MOVE.B  D0,($8A7C)
00:5260  4E 75  RTS
00:5274  4A 38  TST.B   ($8A8B)
00:5278  67 08  BEQ     #$08 [00:5282]
00:5282  61 00  BSR     #$00EC [00:5370]
00:5370  08 B8  BCLR    #7,($8C56)
00:5376  67 1E  BEQ     #$1E [00:5396]
00:5396  4E 75  RTS
00:5286  08 B8  BCLR    #1,($8006)
00:528C  67 0E  BEQ     #$0E [00:529C]
00:529C  4E 75  RTS
00:03EA  08 38  BTST    #6,($8A5D)
00:0870  52 2C  ADDQ.B  #1,$D400(A4)
00:0874  22 6C  MOVE.L  $C400(A4),A1
00:0878  10 19  MOVE.B  (A1)+,D0
00:087A  0C 00  CMPI.B  #$F0,D0
00:087E  65 50  BCS     #$50 [00:08D0]
00:08D0  12 19  MOVE.B  (A1)+,D1
00:08D2  E1 49  LSL.W   #8,D1
00:08D4  12 19  MOVE.B  (A1)+,D1
00:08D6  48 C1  EXT.L   D1
00:08D8  4E F9  JMP     ($000A4C80)
0A:4C80  D2 88  ADD.L   A0,D1
0A:4C82  B2 BC  CMP.L   #$000A0E00,D1
0A:4C88  66 06  BNE     #$06 [0A:4C90]
0A:4C90  29 41  MOVE.L  D1,$C100(A4)
0A:4C94  4E F8  JMP     ($08DE)
00:08DE  4A 00  TST.B   D0
00:08E0  67 12  BEQ     #$12 [00:08F4]
00:08E2  D0 2C  ADD.B   $C600(A4),D0
00:08E6  19 40  MOVE.B  D0,$C600(A4)
00:08EA  67 8C  BEQ     #$8C [00:0878]
00:08EC  0C 00  CMPI.B  #$F0,D0
00:08F0  64 86  BCC     #$86 [00:0878]
00:08F2  60 04  BRA     #$04 [00:08F8]
00:08F8  29 49  MOVE.L  A1,$C400(A4)
00:0EC0  32 2C  MOVE.W  $C900(A4),D1
00:0EC4  34 2A  MOVE.W  $C900(A2),D2
00:0EC8  B2 42  CMP.W   D2,D1
00:0ECA  64 02  BCC     #$02 [00:0ECE]
00:0ECE  92 42  SUB.W   D2,D1
00:0ED0  74 00  MOVEQ   #$00,D2
00:0ED2  76 00  MOVEQ   #$00,D3
00:0ED4  14 2C  MOVE.B  $CB01(A4),D2
00:0ED8  16 2A  MOVE.B  $CB01(A2),D3
00:0EDC  D4 43  ADD.W   D3,D2
00:0EDE  92 42  SUB.W   D2,D1
00:0E6E  36 04  MOVE.W  D4,D3
00:0E70  39 6A  MOVE.W  $D900(A2),$DC02(A4)
00:0E76  00 03  ORI.B   #$84,D3
00:0E7A  87 2A  OR.B    D3;$D503(A2)
00:0E7E  35 6C  MOVE.W  $D900(A4),$DC02(A2)
00:0E84  35 4C  MOVE.W  A4,$DD02(A2)
00:0E88  08 44  BCHG    #0,D4
00:0E8C  00 04  ORI.B   #$04,D4
00:0E90  89 2C  OR.B    D4;$D503(A4)
00:0E94  39 4A  MOVE.W  A2,$DD02(A4)
00:4956  61 D0  BSR     #$D0 [00:4928]
00:4928  70 00  MOVEQ   #$00,D0
00:492A  10 2C  MOVE.B  $D403(A4),D0
00:492E  41 F9  LEA     ($0001BA6C),A0
00:4934  D0 D0  ADDA.W  (A0),A0
00:4936  32 00  MOVE.W  D0,D1
00:4938  D2 41  ADD.W   D1,D1
00:493A  D0 41  ADD.W   D1,D0
00:493C  10 30  MOVE.B  $00(A0,D0),D0
00:4940  02 40  ANDI.W  #$00FF,D0
00:4944  EB 48  LSL.W   #5,D0
00:4946  4E 75  RTS
00:4958  31 C0  MOVE.W  D0,($9628)
00:495C  31 EC  MOVE.W  $DA00(A4),($962A)
00:8860  42 B8  CLR.L   ($9628)
00:8864  41 FA  LEA     $0066(PC),A0
00:8868  48 40  SWAP.W  D0
00:886A  0C 40  CMPI.W  #$0400,D0
00:886E  64 0E  BCC     #$0E [00:887E]
00:8870  0C 40  CMPI.W  #$0200,D0
00:8874  65 04  BCS     #$04 [00:887A]
00:887A  90 FC  SUBA.W  #$000A,A0
00:887E  48 40  SWAP.W  D0
00:8880  32 18  MOVE.W  (A0)+,D1
00:8882  34 00  MOVE.W  D0,D2
00:8884  C4 41  AND.W   D1,D2
00:8886  67 04  BEQ     #$04 [00:888C]
00:888C  C0 98  AND.L   (A0)+,D0
00:888E  31 FC  MOVE.W  #$00C0,($95F2)
00:8894  B0 B8  CMP.L   ($9602),D0
00:8898  67 0A  BEQ     #$0A [00:88A4]
00:889A  61 18  BSR     #$18 [00:88B4]
00:88B4  48 40  SWAP.W  D0
00:88B6  32 00  MOVE.W  D0,D1
00:88B8  48 40  SWAP.W  D0
00:88BA  B2 40  CMP.W   D0,D1
00:88BC  64 02  BCC     #$02 [00:88C0]
00:88C0  4E 75  RTS
00:889C  21 C0  MOVE.L  D0,($9602)
00:88A0  22 50  MOVE.L  (A0),A1
00:88A2  4E D1  JMP     (A1)
00:893C  43 FA  LEA     $0050(PC),A1
00:8940  45 FA  LEA     $0058(PC),A2
00:8944  47 FA  LEA     $0060(PC),A3
00:8948  41 FA  LEA     $0068(PC),A0
00:894C  74 05  MOVEQ   #$05,D2
00:894E  60 12  BRA     #$12 [00:8962]
00:8962  30 38  MOVE.W  ($9602),D0
00:8966  E4 68  LSR.W   D2,D0
00:8968  31 C0  MOVE.W  D0,($95FC)
00:896C  38 3C  MOVE.W  #$0010,D4
00:8970  98 40  SUB.W   D0,D4
00:8972  31 C4  MOVE.W  D4,($9600)
00:8976  34 38  MOVE.W  ($9604),D2
00:897A  72 00  MOVEQ   #$00,D1
00:897C  94 50  SUB.W   (A0),D2
00:897E  65 04  BCS     #$04 [00:8984]
00:8980  52 41  ADDQ.W  #1,D1
00:8982  60 F8  BRA     #$F8 [00:897C]
00:8984  31 C1  MOVE.W  D1,($95FE)
00:8988  D4 50  ADD.W   (A0),D2
00:898A  60 00  BRA     #$FF4A [00:88D6]
00:88D6  3E 3C  MOVE.W  #$0204,D7
00:88DA  7A 02  MOVEQ   #$02,D5
00:88DC  41 F9  LEA     ($00C00000),A0
00:88E2  61 00  BSR     #$FACC [00:83B0]
00:83B0  30 07  MOVE.W  D7,D0
00:83B2  72 00  MOVEQ   #$00,D1
00:83B4  12 00  MOVE.B  D0,D1
00:83B6  E0 48  LSR.W   #8,D0
00:83B8  EB 49  LSL.W   #5,D1
00:83BA  80 41  OR.W    D1,D0
00:83BC  D0 40  ADD.W   D0,D0
00:83BE  00 40  ORI.W   #$5800,D0
00:83C2  48 40  SWAP.W  D0
00:83C4  30 3C  MOVE.W  #$0003,D0
00:83C8  23 C0  MOVE.L  D0,($00C00004)
00:83CE  4E 75  RTS
00:88E6  3C 05  MOVE.W  D5,D6
00:88E8  DC 46  ADD.W   D6,D6
00:88EA  30 38  MOVE.W  ($95FE),D0
00:88EE  32 38  MOVE.W  ($95FC),D1
00:88F2  4A 40  TST.W   D0
00:88F4  67 0A  BEQ     #$0A [00:8900]
00:88F6  30 B1  MOVE.W  $00(A1,D6),(A0)
00:88FA  53 40  SUBQ.W  #1,D0
00:88FC  53 41  SUBQ.W  #1,D1
00:88FE  60 F2  BRA     #$F2 [00:88F2]
00:8900  4A 42  TST.W   D2
00:8902  67 06  BEQ     #$06 [00:890A]
00:890A  4A 41  TST.W   D1
00:890C  67 08  BEQ     #$08 [00:8916]
00:8916  30 38  MOVE.W  ($9600),D0
00:891A  4A 40  TST.W   D0
00:891C  67 00  BEQ     #$000A [00:8928]
00:8920  53 40  SUBQ.W  #1,D0
00:8922  30 BB  MOVE.W  $12(PC,D6),(A0)
00:8926  60 F2  BRA     #$F2 [00:891A]
00:8928  52 47  ADDQ.W  #1,D7
00:892A  51 CD  DBFa    D5,#$FFB6 [01:88E2]
00:892E  31 FC  MOVE.W  #$00C0,($95F2)
00:8934  4E 75  RTS
00:E07A  4A 38  TST.B   ($9F0A)
00:E07E  66 00  BNE     #$00EC [00:E16C]
00:E082  60 00  BRA     #$00A2 [00:E126]
00:E126  61 44  BSR     #$44 [00:E16C]
00:E16C  08 38  BTST    #2,($9F02)
00:E172  67 02  BEQ     #$02 [00:E176]
00:E176  30 2C  MOVE.W  $9EF6(A4),D0
00:E17A  08 2C  BTST    #0,$D503(A4)
00:E180  66 02  BNE     #$02 [00:E184]
00:E182  44 40  NEG.W   D0
00:E184  39 40  MOVE.W  D0,$CA00(A4)
00:E188  4A 38  TST.B   ($9F0A)
00:E18C  66 16  BNE     #$16 [00:E1A4]
00:E18E  02 2C  ANDI.B  #$75,$CF00(A4)
00:E194  30 38  MOVE.W  ($9EF2),D0
00:E198  E2 40  ASR.W   #1,D0
00:E19A  32 00  MOVE.W  D0,D1
00:E19C  E2 41  ASR.W   #1,D1
00:E19E  D0 41  ADD.W   D1,D0
00:E1A0  39 40  MOVE.W  D0,$CA02(A4)
00:E1A4  4E 75  RTS
00:E128  61 04  BSR     #$04 [00:E12E]
00:E12E  02 38  ANDI.B  #$FA,($9F02)
00:E134  00 38  ORI.B   #$10,($9F02)
00:E13A  02 2C  ANDI.B  #$C7,$CE00(A4)
00:E140  00 2C  ORI.B   #$40,$CE00(A4)
00:E146  39 7C  MOVE.W  #$2101,$C700(A4)
00:E14C  00 2C  ORI.B   #$40,$C003(A4)
00:E152  19 7C  MOVE.B  #$1E,$D800(A4)
00:E158  19 7C  MOVE.B  #$00,$CE01(A4)
00:E15E  11 FC  MOVE.B  #$3C,($9F0A)
00:E164  70 36  MOVEQ   #$36,D0
00:E166  4E F8  JMP     ($0366)
00:0366  4E 71  NOP
00:0368  41 F9  LEA     ($00A00000),A0
00:036E  33 FC  MOVE.W  #$0100,($00A11100)
00:0376  08 39  BTST    #0,($00A11100)
00:037E  66 F6  BNE     #$F6 [00:0376]
00:0380  4A 28  TST.B   $1C00(A0)
00:0384  67 10  BEQ     #$10 [00:0396]
00:0396  12 28  MOVE.B  $1C2E(A0),D1
00:039A  D2 28  ADD.B   $1C2F(A0),D1
00:039E  02 41  ANDI.W  #$000F,D1
00:03A2  06 41  ADDI.W  #$1C30,D1
00:03A6  11 80  MOVE.B  D0,$00(A0,D1)
00:03AA  52 28  ADDQ.B  #1,$1C2F(A0)
00:03AE  33 FC  MOVE.W  #$0000,($00A11100)
00:03B6  4E 75  RTS
00:E12A  60 00  BRA     #$FF70 [00:E09C]
00:E09C  30 2C  MOVE.W  $DC02(A4),D0
00:E0A0  4E B8  JSR     ($4964)
00:4964  32 2C  MOVE.W  $D902(A4),D1
00:4968  12 3B  MOVE.B  $08(PC,D1),D1
00:496C  C0 C1  MULU.W  D1,D0
00:496E  EC 88  LSR.L   #6,D0
00:4970  4E 75  RTS
00:E0A4  91 6C  SUB.W   D0,$DA00(A4)
00:E0A8  0C 6C  CMPI.W  #$0040,$DA00(A4)
00:E0AE  6C 42  BGE     #$42 [00:E0F2]
00:E0F2  61 00  BSR     #$A9AE [00:8AA2]
00:8AA2  38 78  MOVE.W  ($9EEE),A4
00:8AA6  10 2C  MOVE.B  $DA00(A4),D0
00:8AAA  12 2C  MOVE.B  $DA01(A4),D1
00:8AAE  EC 09  LSR.B   #6,D1
00:8AB0  67 02  BEQ     #$02 [00:8AB4]
00:8AB2  52 00  ADDQ.B  #1,D0
00:8AB4  76 00  MOVEQ   #$00,D3
00:8AB6  78 00  MOVEQ   #$00,D4
00:8AB8  14 00  MOVE.B  D0,D2
00:8ABA  0C 00  CMPI.B  #$08,D0
00:8ABE  63 10  BLS     #$10 [00:8AD0]
00:8AD0  D8 00  ADD.B   D0,D4
00:8AD2  4A 01  TST.B   D1
00:8AD4  67 02  BEQ     #$02 [00:8AD8]
00:8AD6  53 00  SUBQ.B  #1,D0
00:8AD8  41 F8  LEA     ($95AA),A0
00:8ADC  4A 03  TST.B   D3
00:8ADE  67 12  BEQ     #$12 [00:8AF2]
00:8AF2  4A 00  TST.B   D0
00:8AF4  67 08  BEQ     #$08 [00:8AFE]
00:8AF6  10 FC  MOVE.B  #$14,(A0)+
00:8AFA  53 00  SUBQ.B  #1,D0
00:8AFC  66 F8  BNE     #$F8 [00:8AF6]
00:8AFE  4A 01  TST.B   D1
00:8B00  67 06  BEQ     #$06 [00:8B08]
00:8B02  E5 09  LSL.B   #2,D1
00:8B04  58 01  ADDQ.B  #4,D1
00:8B06  10 C1  MOVE.B  D1,(A0)+
00:8B08  10 38  MOVE.B  ($9F00),D0
00:8B0C  0C 00  CMPI.B  #$08,D0
00:8B10  63 02  BLS     #$02 [00:8B14]
00:8B14  90 04  SUB.B   D4,D0
00:8B16  63 0A  BLS     #$0A [00:8B22]
00:8B22  51 04  SUBQ.B  #8,D4
00:8B24  64 08  BCC     #$08 [00:8B2E]
00:8B26  44 04  NEG.B   D4
00:8B28  42 18  CLR.B   (A0)+
00:8B2A  53 04  SUBQ.B  #1,D4
00:8B2C  66 FA  BNE     #$FA [00:8B28]
00:8B2E  47 F9  LEA     ($00C00000),A3
00:8B34  27 7C  MOVE.L  #$58440003,$0004(A3)
00:8B3C  43 FA  LEA     $0024(PC),A1
00:8B40  61 0C  BSR     #$0C [00:8B4E]
00:8B4E  45 F8  LEA     ($95AA),A2
00:8B52  72 07  MOVEQ   #$07,D1
00:8B54  70 00  MOVEQ   #$00,D0
00:8B56  10 1A  MOVE.B  (A2)+,D0
00:8B58  26 B1  MOVE.L  $00(A1,D0),(A3)
00:8B5C  51 C9  DBFa    D1,#$FFF8 [01:8B56]
00:8B60  4E 75  RTS
00:8B42  27 7C  MOVE.L  #$58840003,$0004(A3)
00:8B4A  43 FA  LEA     $003A(PC),A1
00:E0F6  4A 6C  TST.W   $DA00(A4)
00:E0FA  4E 75  RTS
00:E222  53 38  SUBQ.B  #1,($9F0A)
00:E226  00 2C  ORI.B   #$40,$C003(A4)
00:E346  11 FC  MOVE.B  #$80,($9F0F)
00:E34C  70 07  MOVEQ   #$07,D0
00:E34E  C0 78  AND.W   ($965A),D0
00:E352  66 04  BNE     #$04 [00:E358]
00:E358  53 2C  SUBQ.B  #1,$D800(A4)
00:E35C  66 12  BNE     #$12 [00:E370]
00:E370  4E 5E  ULNK    A6
00:E372  4E 75  RTS
00:EFFC  4E 75  RTS
00:EF70  E2 40  ASR.W   #1,D0
00:EF72  60 3E  BRA     #$3E [00:EFB2]
00:EFD4  08 2C  BTST    #1,$CF02(A4)
00:EFDA  66 04  BNE     #$04 [00:EFE0]
00:EFDC  4E F8  JMP     ($0B92)
00:0B92  32 2C  MOVE.W  $CA00(A4),D1
00:0B96  67 12  BEQ     #$12 [00:0BAA]
00:0B98  6A 06  BPL     #$06 [00:0BA0]
00:0B9A  D2 40  ADD.W   D0,D1
00:0B9C  6B 08  BMI     #$08 [00:0BA6]
00:0BA6  39 41  MOVE.W  D1,$CA00(A4)
00:0BAA  4E 75  RTS
00:F092  70 08  MOVEQ   #$08,D0
00:F094  60 00  BRA     #$00F2 [00:F188]
00:F1AA  4E B8  JSR     ($07E8)
00:07E8  19 40  MOVE.B  D0,$C302(A4)
00:07EC  02 2C  ANDI.B  #$7E,$C003(A4)
00:07F2  4E 75  RTS
00:081C  70 00  MOVEQ   #$00,D0
00:081E  10 2C  MOVE.B  $C300(A4),D0
00:0822  32 30  MOVE.W  $00(A0,D0),D1
00:0826  10 2C  MOVE.B  $C301(A4),D0
00:082A  D2 40  ADD.W   D0,D1
00:082C  32 30  MOVE.W  $00(A0,D1),D1
00:0830  10 2C  MOVE.B  $C302(A4),D0
00:0834  D2 40  ADD.W   D0,D1
00:0836  32 30  MOVE.W  $00(A0,D1),D1
00:083A  43 F0  LEA     $00(A0,D1),A1
00:083E  29 49  MOVE.L  A1,$C500(A4)
00:0842  42 6C  CLR.W   $C600(A4)
00:0846  42 2C  CLR.B   $D400(A4)
00:084A  60 2C  BRA     #$2C [00:0878]
00:0880  02 40  ANDI.W  #$000F,D0
00:0884  E5 48  LSL.W   #2,D0
00:0886  48 7A  PEA     $FFF0(PC)
00:088A  2F 3B  MOVE.L  $04(PC,D0),-(SP)
00:088E  4E 75  RTS
00:099A  10 19  MOVE.B  (A1)+,D0
00:099C  08 2C  BTST    #6,$C000(A4)
00:09A2  67 20  BEQ     #$20 [00:09C4]
00:09A4  08 2C  BTST    #0,$CF00(A4)
00:09AA  67 18  BEQ     #$18 [00:09C4]
00:09C4  19 40  MOVE.B  D0,$CB02(A4)
00:09C8  10 19  MOVE.B  (A1)+,D0
00:09CA  08 2C  BTST    #6,$C000(A4)
00:09D0  67 24  BEQ     #$24 [00:09F6]
00:09D2  08 2C  BTST    #2,$C002(A4)
00:09D8  66 10  BNE     #$10 [00:09EA]
00:09EA  12 2C  MOVE.B  $CB03(A4),D1
00:09EE  92 00  SUB.B   D0,D1
00:09F0  48 81  EXT.W   D1
00:09F2  D3 6C  ADD.W   D1,$C900(A4)
00:09F6  19 40  MOVE.B  D0,$CB03(A4)
00:09FA  4E 75  RTS
00:0990  19 59  MOVE.B  (A1)+,$CB00(A4)
00:0994  19 59  MOVE.B  (A1)+,$CB01(A4)
00:0998  4E 75  RTS
00:08F4  42 6C  CLR.W   $C600(A4)
00:0920  53 2C  SUBQ.B  #1,$C701(A4)
00:0924  67 08  BEQ     #$08 [00:092E]
00:092E  12 2C  MOVE.B  $C700(A4),D1
00:0932  08 40  BCHG    #5,D0
00:0936  66 04  BNE     #$04 [00:093C]
00:0938  E8 09  LSR.B   #4,D1
00:093A  60 08  BRA     #$08 [00:0944]
00:0944  52 01  ADDQ.B  #1,D1
00:0946  19 41  MOVE.B  D1,$C701(A4)
00:094A  60 04  BRA     #$04 [00:0950]
00:3922  52 46  ADDQ.W  #1,D6
00:3924  53 6E  SUBQ.W  #1,$FFF8(A6)
00:3928  6A CE  BPL     #$CE [00:38F8]
00:392A  60 18  BRA     #$18 [00:3944]
00:30CC  4E 75  RTS
00:88AA  53 78  SUBQ.W  #1,($95F2)
00:88AE  67 00  BEQ     #$0106 [00:89B6]
00:0926  08 00  BTST    #5,D0
00:092A  67 20  BEQ     #$20 [00:094C]
00:092C  60 22  BRA     #$22 [00:0950]
00:E354  19 40  MOVE.B  D0,$DA02(A4)
00:093C  02 01  ANDI.B  #$0F,D1
00:0940  00 00  ORI.B   #$04,D0
00:0A10  42 2C  CLR.B   $D400(A4)
00:0A14  22 6C  MOVE.L  $C500(A4),A1
00:0A18  4E 75  RTS
01:1FB0  19 6C  MOVE.B  $CE02(A4),$CE03(A4)
01:1FB6  0A 2C  EORI.B  #$01,$CE00(A4)
01:1FBC  60 0C  BRA     #$0C [01:1FCA]
00:094C  00 00  ORI.B   #$04,D0
01:1FBE  53 2C  SUBQ.B  #1,$CE03(A4)
01:1FC2  66 06  BNE     #$06 [01:1FCA]
01:466E  19 6C  MOVE.B  $D801(A4),$D800(A4)
01:4674  4E B8  JSR     ($05D8)
00:05D8  22 38  MOVE.L  ($8A52),D1
00:05DC  66 06  BNE     #$06 [00:05E4]
00:05E4  20 01  MOVE.L  D1,D0
00:05E6  E5 81  ASL.L   #2,D1
00:05E8  D2 80  ADD.L   D0,D1
00:05EA  E7 81  ASL.L   #3,D1
00:05EC  D2 80  ADD.L   D0,D1
00:05EE  30 01  MOVE.W  D1,D0
00:05F0  48 41  SWAP.W  D1
00:05F2  D0 41  ADD.W   D1,D0
00:05F4  32 00  MOVE.W  D0,D1
00:05F6  48 41  SWAP.W  D1
00:05F8  21 C1  MOVE.L  D1,($8A52)
00:05FC  4E 75  RTS
01:4678  02 40  ANDI.W  #$0003,D0
01:467C  67 00  BEQ     #$EEC4 [01:3542]
01:3542  10 2C  MOVE.B  $DE00(A4),D0
01:3546  0C 00  CMPI.B  #$FF,D0
01:354A  66 22  BNE     #$22 [01:356E]
01:354C  41 F9  LEA     ($00013FD2),A0
01:3552  70 00  MOVEQ   #$00,D0
01:3554  10 2C  MOVE.B  $DA03(A4),D0
01:3558  6B 1C  BMI     #$1C [01:3576]
01:355A  32 00  MOVE.W  D0,D1
01:355C  E7 41  ASL.W   #3,D1
01:355E  D2 40  ADD.W   D0,D1
01:3560  70 7F  MOVEQ   #$7F,D0
01:3562  C0 2C  AND.B   $D401(A4),D0
01:3566  D0 41  ADD.W   D1,D0
01:3568  10 30  MOVE.B  $00(A0,D0),D0
01:356C  6B 08  BMI     #$08 [01:3576]
01:356E  19 40  MOVE.B  D0,$D401(A4)
01:3572  50 EC  STTr    $DE00(A4) [01:3560]
01:3576  4E 75  RTS
01:4EC8  08 EC  BSET    #7,$D401(A4)
01:4ECE  66 0E  BNE     #$0E [01:4EDE]
01:4ED0  70 0A  MOVEQ   #$0A,D0
01:4ED2  4E B8  JSR     ($07E8)
01:4ED6  42 6C  CLR.W   $CA00(A4)
01:4EDA  4E B8  JSR     ($44F4)
00:44F4  30 2C  MOVE.W  $CD02(A4),D0
00:44F8  06 40  ADDI.W  #$0080,D0
00:44FC  44 40  NEG.W   D0
00:44FE  60 08  BRA     #$08 [00:4508]
00:4508  02 2C  ANDI.B  #$75,$CF00(A4)
00:450E  39 40  MOVE.W  D0,$CA02(A4)
00:4512  4E 75  RTS
01:4EDE  4E B8  JSR     ($48C4)
01:4EE2  4E B8  JSR     ($42C4)
00:302C  4E B8  JSR     ($3A54)
00:3030  60 04  BRA     #$04 [00:3036]
01:4EE6  4E B8  JSR     ($43BC)
01:4EEA  4E B8  JSR     ($4362)
00:4362  70 0A  MOVEQ   #$0A,D0
00:4364  C0 2C  AND.B   $CF00(A4),D0
00:4368  55 00  SUBQ.B  #2,D0
00:436A  4E 75  RTS
01:4EEE  67 00  BEQ     #$E652 [01:3542]
01:4EF2  4E 75  RTS
01:1FA4  60 0A  BRA     #$0A [01:1FB0]
01:1FC4  0A 2C  EORI.B  #$81,$CE00(A4)
00:391A  36 00  MOVE.W  D0,D3
00:391C  D6 6E  ADD.W   $FFF6(A6),D3
00:3920  6A 0A  BPL     #$0A [00:392C]
00:0B9E  60 04  BRA     #$04 [00:0BA4]
00:0BA4  72 00  MOVEQ   #$00,D1
00:E35E  02 2C  ANDI.B  #$BF,$C003(A4)
00:E364  02 2C  ANDI.B  #$BF,$CE00(A4)
00:E36A  19 7C  MOVE.B  #$01,$CE01(A4)
00:F098  70 00  MOVEQ   #$00,D0
00:F09A  08 2C  BTST    #5,$CE00(A4)
00:F0A0  67 02  BEQ     #$02 [00:F0A4]
00:F0A4  60 00  BRA     #$00E2 [00:F188]
00:E374  61 00  BSR     #$0684 [00:E9FA]
00:E9FA  08 2C  BTST    #5,$CE00(A4)
00:EA00  67 02  BEQ     #$02 [00:EA04]
00:EA04  4E 75  RTS
00:E378  61 00  BSR     #$068C [00:EA06]
00:E37C  61 00  BSR     #$FBB0 [00:DF2E]
00:DF2E  08 2C  BTST    #6,$CE00(A4)
00:DF34  66 48  BNE     #$48 [00:DF7E]
00:DF36  08 38  BTST    #0,($9F03)
00:DF3C  67 40  BEQ     #$40 [00:DF7E]
00:DF3E  10 38  MOVE.B  ($9F0D),D0
00:DF42  02 00  ANDI.B  #$0F,D0
00:DF46  12 00  MOVE.B  D0,D1
00:DF48  4A 38  TST.B   ($9980)
00:DF4C  67 12  BEQ     #$12 [00:DF60]
00:DF60  4A 38  TST.B   ($9981)
00:DF64  67 18  BEQ     #$18 [00:DF7E]
00:DF7E  4E 75  RTS
00:E380  61 00  BSR     #$06A8 [00:EA2A]
00:EA2A  08 38  BTST    #6,($9F0B)
00:EA30  66 3A  BNE     #$3A [00:EA6C]
00:EA32  61 00  BSR     #$0398 [00:EDCC]
00:EDCC  30 38  MOVE.W  ($9EDE),D0
00:EDD0  02 40  ANDI.W  #$F000,D0
00:EDD4  0C 40  CMPI.W  #$8000,D0
00:EDD8  67 04  BEQ     #$04 [00:EDDE]
00:EDDA  0C 40  CMPI.W  #$A000,D0
00:EDDE  4E 75  RTS
00:EA36  67 34  BEQ     #$34 [00:EA6C]
00:EA38  08 38  BTST    #4,($9EF1)
00:EA3E  66 2C  BNE     #$2C [00:EA6C]
00:EA40  10 38  MOVE.B  ($95CE),D0
00:EA44  72 70  MOVEQ   #$70,D1
00:EA46  01 01  BTST    D0,D1
00:EA48  67 22  BEQ     #$22 [00:EA6C]
00:EA6C  4E 75  RTS
00:E384  61 00  BSR     #$08A0 [00:EC26]
00:E388  61 00  BSR     #$0740 [00:EACA]
00:E38C  61 00  BSR     #$0810 [00:EB9E]
00:E390  61 00  BSR     #$07BA [00:EB4C]
00:0B20  D0 41  ADD.W   D1,D0
00:0B22  B0 42  CMP.W   D2,D0
00:0B24  6F 16  BLE     #$16 [00:0B3C]
00:0B3C  39 40  MOVE.W  D0,$CA00(A4)
00:0A0A  29 49  MOVE.L  A1,$C500(A4)
00:0A0E  4E 75  RTS